<?xml version="1.0" encoding="utf-8"?>
<coverage line-rate="0.5654" branch-rate="0.0726" version="1.9" timestamp="1654848710" lines-covered="229" lines-valid="405" branches-covered="13" branches-valid="179">
  <sources>
    <source>C:\Users\Daniel Todorov\</source>
  </sources>
  <packages>
    <package name="Airports-Project-Final-Tests" line-rate="0.8794" branch-rate="0.5" complexity="39">
      <classes>
        <class name="AutoGeneratedProgram" filename=".nuget\packages\microsoft.net.test.sdk\16.9.4\build\netcoreapp2.1\Microsoft.NET.Test.Sdk.Program.cs" line-rate="0" branch-rate="1" complexity="1">
          <methods>
            <method name="Main" signature="(System.String[])" line-rate="0" branch-rate="1" complexity="1">
              <lines>
                <line number="4" hits="0" branch="False" />
              </lines>
            </method>
          </methods>
          <lines>
            <line number="4" hits="0" branch="False" />
          </lines>
        </class>
        <class name="Airports_Project_Final_Tests.Airline_Tests" filename="Documents\exercises-2021\Daniel\Airport-Project\Airports-Project-Final\Airports-Project-Final-Tests\Airline_Tests.cs" line-rate="0.8443999999999999" branch-rate="0.5" complexity="12">
          <methods>
            <method name="Setup" signature="()" line-rate="1" branch-rate="1" complexity="1">
              <lines>
                <line number="19" hits="7" branch="False" />
                <line number="20" hits="7" branch="False" />
                <line number="21" hits="7" branch="False" />
                <line number="22" hits="7" branch="False" />
                <line number="23" hits="7" branch="False" />
                <line number="24" hits="7" branch="False" />
              </lines>
            </method>
            <method name="Adding_Airline_Works" signature="()" line-rate="0.6666" branch-rate="0.5" complexity="2">
              <lines>
                <line number="27" hits="1" branch="False" />
                <line number="28" hits="1" branch="False" />
                <line number="30" hits="1" branch="False" />
                <line number="32" hits="2" branch="True" condition-coverage="50% (1/2)">
                  <conditions>
                    <condition number="187" type="jump" coverage="50%" />
                  </conditions>
                </line>
                <line number="33" hits="0" branch="False" />
                <line number="34" hits="0" branch="False" />
              </lines>
            </method>
            <method name="Adding_Airline_Throws" signature="()" line-rate="1" branch-rate="1" complexity="1">
              <lines>
                <line number="37" hits="1" branch="False" />
                <line number="38" hits="1" branch="False" />
                <line number="40" hits="1" branch="False" />
                <line number="41" hits="2" branch="False" />
                <line number="42" hits="1" branch="False" />
              </lines>
            </method>
            <method name="Controller_Create_ReturnsView" signature="()" line-rate="1" branch-rate="1" complexity="1">
              <lines>
                <line number="45" hits="1" branch="False" />
                <line number="46" hits="1" branch="False" />
                <line number="47" hits="1" branch="False" />
              </lines>
            </method>
            <method name="GetAll_Works" signature="()" line-rate="1" branch-rate="1" complexity="1">
              <lines>
                <line number="50" hits="1" branch="False" />
                <line number="51" hits="1" branch="False" />
                <line number="52" hits="1" branch="False" />
                <line number="53" hits="1" branch="False" />
                <line number="54" hits="1" branch="False" />
                <line number="55" hits="1" branch="False" />
              </lines>
            </method>
            <method name="Get_Works" signature="()" line-rate="0.6" branch-rate="0.5" complexity="2">
              <lines>
                <line number="58" hits="1" branch="False" />
                <line number="59" hits="1" branch="False" />
                <line number="60" hits="2" branch="True" condition-coverage="50% (1/2)">
                  <conditions>
                    <condition number="67" type="jump" coverage="50%" />
                  </conditions>
                </line>
                <line number="61" hits="0" branch="False" />
                <line number="62" hits="0" branch="False" />
              </lines>
            </method>
            <method name="Delete_Works" signature="()" line-rate="0.8571" branch-rate="0.5" complexity="2">
              <lines>
                <line number="65" hits="1" branch="False" />
                <line number="66" hits="1" branch="False" />
                <line number="67" hits="1" branch="False" />
                <line number="68" hits="1" branch="False" />
                <line number="69" hits="1" branch="True" condition-coverage="50% (1/2)">
                  <conditions>
                    <condition number="154" type="jump" coverage="50%" />
                  </conditions>
                </line>
                <line number="70" hits="1" branch="False" />
                <line number="71" hits="0" branch="False" />
              </lines>
            </method>
            <method name="Edit_Works" signature="()" line-rate="0.7142000000000001" branch-rate="0.5" complexity="2">
              <lines>
                <line number="74" hits="1" branch="False" />
                <line number="75" hits="1" branch="False" />
                <line number="76" hits="1" branch="False" />
                <line number="77" hits="1" branch="False" />
                <line number="78" hits="2" branch="True" condition-coverage="50% (1/2)">
                  <conditions>
                    <condition number="177" type="jump" coverage="50%" />
                  </conditions>
                </line>
                <line number="79" hits="0" branch="False" />
                <line number="80" hits="0" branch="False" />
              </lines>
            </method>
          </methods>
          <lines>
            <line number="19" hits="7" branch="False" />
            <line number="20" hits="7" branch="False" />
            <line number="21" hits="7" branch="False" />
            <line number="22" hits="7" branch="False" />
            <line number="23" hits="7" branch="False" />
            <line number="24" hits="7" branch="False" />
            <line number="27" hits="1" branch="False" />
            <line number="28" hits="1" branch="False" />
            <line number="30" hits="1" branch="False" />
            <line number="32" hits="2" branch="True" condition-coverage="50% (1/2)">
              <conditions>
                <condition number="187" type="jump" coverage="50%" />
              </conditions>
            </line>
            <line number="33" hits="0" branch="False" />
            <line number="34" hits="0" branch="False" />
            <line number="37" hits="1" branch="False" />
            <line number="38" hits="1" branch="False" />
            <line number="40" hits="1" branch="False" />
            <line number="41" hits="2" branch="False" />
            <line number="42" hits="1" branch="False" />
            <line number="45" hits="1" branch="False" />
            <line number="46" hits="1" branch="False" />
            <line number="47" hits="1" branch="False" />
            <line number="50" hits="1" branch="False" />
            <line number="51" hits="1" branch="False" />
            <line number="52" hits="1" branch="False" />
            <line number="53" hits="1" branch="False" />
            <line number="54" hits="1" branch="False" />
            <line number="55" hits="1" branch="False" />
            <line number="58" hits="1" branch="False" />
            <line number="59" hits="1" branch="False" />
            <line number="60" hits="2" branch="True" condition-coverage="50% (1/2)">
              <conditions>
                <condition number="67" type="jump" coverage="50%" />
              </conditions>
            </line>
            <line number="61" hits="0" branch="False" />
            <line number="62" hits="0" branch="False" />
            <line number="65" hits="1" branch="False" />
            <line number="66" hits="1" branch="False" />
            <line number="67" hits="1" branch="False" />
            <line number="68" hits="1" branch="False" />
            <line number="69" hits="1" branch="True" condition-coverage="50% (1/2)">
              <conditions>
                <condition number="154" type="jump" coverage="50%" />
              </conditions>
            </line>
            <line number="70" hits="1" branch="False" />
            <line number="71" hits="0" branch="False" />
            <line number="74" hits="1" branch="False" />
            <line number="75" hits="1" branch="False" />
            <line number="76" hits="1" branch="False" />
            <line number="77" hits="1" branch="False" />
            <line number="78" hits="2" branch="True" condition-coverage="50% (1/2)">
              <conditions>
                <condition number="177" type="jump" coverage="50%" />
              </conditions>
            </line>
            <line number="79" hits="0" branch="False" />
            <line number="80" hits="0" branch="False" />
          </lines>
        </class>
        <class name="Airports_Project_Final_Tests.Airport_Tests" filename="Documents\exercises-2021\Daniel\Airport-Project\Airports-Project-Final\Airports-Project-Final-Tests\Airport_Tests.cs" line-rate="0.9052" branch-rate="0.5" complexity="26">
          <methods>
            <method name="Setup" signature="()" line-rate="1" branch-rate="1" complexity="1">
              <lines>
                <line number="20" hits="20" branch="False" />
                <line number="21" hits="20" branch="False" />
                <line number="22" hits="20" branch="False" />
                <line number="23" hits="20" branch="False" />
                <line number="24" hits="20" branch="False" />
                <line number="25" hits="20" branch="False" />
              </lines>
            </method>
            <method name="Adding_Airport_Works" signature="()" line-rate="0.6666" branch-rate="0.5" complexity="2">
              <lines>
                <line number="28" hits="1" branch="False" />
                <line number="30" hits="1" branch="False" />
                <line number="33" hits="1" branch="False" />
                <line number="36" hits="2" branch="True" condition-coverage="50% (1/2)">
                  <conditions>
                    <condition number="235" type="jump" coverage="50%" />
                  </conditions>
                </line>
                <line number="37" hits="0" branch="False" />
                <line number="38" hits="0" branch="False" />
              </lines>
            </method>
            <method name="Adding_ExistingAirport_Throws" signature="()" line-rate="1" branch-rate="1" complexity="1">
              <lines>
                <line number="41" hits="1" branch="False" />
                <line number="43" hits="1" branch="False" />
                <line number="44" hits="1" branch="False" />
                <line number="47" hits="1" branch="False" />
                <line number="48" hits="2" branch="False" />
                <line number="49" hits="1" branch="False" />
              </lines>
            </method>
            <method name="Deleting_Airport_Works" signature="()" line-rate="0.8571" branch-rate="0.5" complexity="2">
              <lines>
                <line number="52" hits="1" branch="False" />
                <line number="54" hits="1" branch="False" />
                <line number="57" hits="1" branch="False" />
                <line number="58" hits="1" branch="False" />
                <line number="61" hits="1" branch="True" condition-coverage="50% (1/2)">
                  <conditions>
                    <condition number="253" type="jump" coverage="50%" />
                  </conditions>
                </line>
                <line number="62" hits="1" branch="False" />
                <line number="63" hits="0" branch="False" />
              </lines>
            </method>
            <method name="Deleting_NonExistingAirport_Throws" signature="()" line-rate="1" branch-rate="1" complexity="1">
              <lines>
                <line number="66" hits="1" branch="False" />
                <line number="68" hits="1" branch="False" />
                <line number="71" hits="2" branch="False" />
                <line number="72" hits="1" branch="False" />
              </lines>
            </method>
            <method name="Editing_Airport_Works" signature="()" line-rate="0.75" branch-rate="0.5" complexity="2">
              <lines>
                <line number="75" hits="1" branch="False" />
                <line number="77" hits="1" branch="False" />
                <line number="78" hits="1" branch="False" />
                <line number="81" hits="1" branch="False" />
                <line number="82" hits="1" branch="False" />
                <line number="85" hits="2" branch="True" condition-coverage="50% (1/2)">
                  <conditions>
                    <condition number="291" type="jump" coverage="50%" />
                  </conditions>
                </line>
                <line number="86" hits="0" branch="False" />
                <line number="87" hits="0" branch="False" />
              </lines>
            </method>
            <method name="Getting_Airport_Works" signature="()" line-rate="0.6666" branch-rate="0.5" complexity="2">
              <lines>
                <line number="90" hits="1" branch="False" />
                <line number="92" hits="1" branch="False" />
                <line number="95" hits="1" branch="False" />
                <line number="98" hits="2" branch="True" condition-coverage="50% (1/2)">
                  <conditions>
                    <condition number="123" type="jump" coverage="50%" />
                  </conditions>
                </line>
                <line number="99" hits="0" branch="False" />
                <line number="100" hits="0" branch="False" />
              </lines>
            </method>
            <method name="Getting_NonExistingAirport_Throws" signature="()" line-rate="0.6" branch-rate="0.5" complexity="2">
              <lines>
                <line number="103" hits="1" branch="False" />
                <line number="105" hits="1" branch="False" />
                <line number="108" hits="2" branch="True" condition-coverage="50% (1/2)">
                  <conditions>
                    <condition number="20" type="jump" coverage="50%" />
                  </conditions>
                </line>
                <line number="109" hits="0" branch="False" />
                <line number="110" hits="0" branch="False" />
              </lines>
            </method>
            <method name="GetAll_Airports_Works" signature="()" line-rate="1" branch-rate="1" complexity="1">
              <lines>
                <line number="113" hits="1" branch="False" />
                <line number="114" hits="1" branch="False" />
                <line number="115" hits="1" branch="False" />
              </lines>
            </method>
            <method name="Controller_Create_Returns_View" signature="()" line-rate="1" branch-rate="1" complexity="1">
              <lines>
                <line number="118" hits="1" branch="False" />
                <line number="120" hits="1" branch="False" />
                <line number="123" hits="1" branch="False" />
                <line number="124" hits="1" branch="False" />
              </lines>
            </method>
            <method name="Controller_Create_IsNotNull" signature="()" line-rate="1" branch-rate="1" complexity="1">
              <lines>
                <line number="127" hits="1" branch="False" />
                <line number="129" hits="1" branch="False" />
                <line number="132" hits="1" branch="False" />
                <line number="133" hits="1" branch="False" />
              </lines>
            </method>
            <method name="Controller_Create_WithArgument_Throws" signature="()" line-rate="1" branch-rate="1" complexity="1">
              <lines>
                <line number="136" hits="1" branch="False" />
                <line number="138" hits="2" branch="False" />
                <line number="139" hits="1" branch="False" />
              </lines>
            </method>
            <method name="Controller_Create_WithArgument_ReturnsView" signature="()" line-rate="1" branch-rate="1" complexity="1">
              <lines>
                <line number="142" hits="1" branch="False" />
                <line number="144" hits="1" branch="False" />
                <line number="145" hits="1" branch="False" />
              </lines>
            </method>
            <method name="Controller_Index_Returns_View" signature="()" line-rate="1" branch-rate="1" complexity="1">
              <lines>
                <line number="148" hits="1" branch="False" />
                <line number="149" hits="1" branch="False" />
                <line number="150" hits="1" branch="False" />
                <line number="151" hits="1" branch="False" />
              </lines>
            </method>
            <method name="Controller_Index_IsNotNull" signature="()" line-rate="1" branch-rate="1" complexity="1">
              <lines>
                <line number="154" hits="1" branch="False" />
                <line number="156" hits="1" branch="False" />
                <line number="159" hits="1" branch="False" />
                <line number="160" hits="1" branch="False" />
              </lines>
            </method>
            <method name="Controller_Index_Throws_WhenServiceIsNull" signature="()" line-rate="1" branch-rate="1" complexity="1">
              <lines>
                <line number="163" hits="1" branch="False" />
                <line number="165" hits="1" branch="False" />
                <line number="168" hits="2" branch="False" />
                <line number="169" hits="1" branch="False" />
              </lines>
            </method>
            <method name="Controller_Delete_ReturnsNotFound" signature="()" line-rate="1" branch-rate="1" complexity="1">
              <lines>
                <line number="172" hits="1" branch="False" />
                <line number="174" hits="1" branch="False" />
                <line number="175" hits="1" branch="False" />
              </lines>
            </method>
            <method name="Controller_Delete_ReturnsRedirection" signature="()" line-rate="1" branch-rate="1" complexity="1">
              <lines>
                <line number="178" hits="1" branch="False" />
                <line number="180" hits="1" branch="False" />
                <line number="183" hits="1" branch="False" />
                <line number="184" hits="1" branch="False" />
              </lines>
            </method>
            <method name="Controller_Edit_ReturnsNotFound" signature="()" line-rate="1" branch-rate="1" complexity="1">
              <lines>
                <line number="187" hits="1" branch="False" />
                <line number="188" hits="1" branch="False" />
                <line number="189" hits="1" branch="False" />
              </lines>
            </method>
            <method name="Controller_Edit_ReturnsRedirection" signature="()" line-rate="1" branch-rate="1" complexity="1">
              <lines>
                <line number="192" hits="1" branch="False" />
                <line number="193" hits="1" branch="False" />
                <line number="194" hits="1" branch="False" />
                <line number="195" hits="1" branch="False" />
              </lines>
            </method>
            <method name="Controller_Edit_WithAirportParameter_ReturnsRedirection" signature="()" line-rate="1" branch-rate="1" complexity="1">
              <lines>
                <line number="198" hits="1" branch="False" />
                <line number="199" hits="1" branch="False" />
                <line number="200" hits="1" branch="False" />
                <line number="201" hits="1" branch="False" />
              </lines>
            </method>
          </methods>
          <lines>
            <line number="20" hits="20" branch="False" />
            <line number="21" hits="20" branch="False" />
            <line number="22" hits="20" branch="False" />
            <line number="23" hits="20" branch="False" />
            <line number="24" hits="20" branch="False" />
            <line number="25" hits="20" branch="False" />
            <line number="28" hits="1" branch="False" />
            <line number="30" hits="1" branch="False" />
            <line number="33" hits="1" branch="False" />
            <line number="36" hits="2" branch="True" condition-coverage="50% (1/2)">
              <conditions>
                <condition number="235" type="jump" coverage="50%" />
              </conditions>
            </line>
            <line number="37" hits="0" branch="False" />
            <line number="38" hits="0" branch="False" />
            <line number="41" hits="1" branch="False" />
            <line number="43" hits="1" branch="False" />
            <line number="44" hits="1" branch="False" />
            <line number="47" hits="1" branch="False" />
            <line number="48" hits="2" branch="False" />
            <line number="49" hits="1" branch="False" />
            <line number="52" hits="1" branch="False" />
            <line number="54" hits="1" branch="False" />
            <line number="57" hits="1" branch="False" />
            <line number="58" hits="1" branch="False" />
            <line number="61" hits="1" branch="True" condition-coverage="50% (1/2)">
              <conditions>
                <condition number="253" type="jump" coverage="50%" />
              </conditions>
            </line>
            <line number="62" hits="1" branch="False" />
            <line number="63" hits="0" branch="False" />
            <line number="66" hits="1" branch="False" />
            <line number="68" hits="1" branch="False" />
            <line number="71" hits="2" branch="False" />
            <line number="72" hits="1" branch="False" />
            <line number="75" hits="1" branch="False" />
            <line number="77" hits="1" branch="False" />
            <line number="78" hits="1" branch="False" />
            <line number="81" hits="1" branch="False" />
            <line number="82" hits="1" branch="False" />
            <line number="85" hits="2" branch="True" condition-coverage="50% (1/2)">
              <conditions>
                <condition number="291" type="jump" coverage="50%" />
              </conditions>
            </line>
            <line number="86" hits="0" branch="False" />
            <line number="87" hits="0" branch="False" />
            <line number="90" hits="1" branch="False" />
            <line number="92" hits="1" branch="False" />
            <line number="95" hits="1" branch="False" />
            <line number="98" hits="2" branch="True" condition-coverage="50% (1/2)">
              <conditions>
                <condition number="123" type="jump" coverage="50%" />
              </conditions>
            </line>
            <line number="99" hits="0" branch="False" />
            <line number="100" hits="0" branch="False" />
            <line number="103" hits="1" branch="False" />
            <line number="105" hits="1" branch="False" />
            <line number="108" hits="2" branch="True" condition-coverage="50% (1/2)">
              <conditions>
                <condition number="20" type="jump" coverage="50%" />
              </conditions>
            </line>
            <line number="109" hits="0" branch="False" />
            <line number="110" hits="0" branch="False" />
            <line number="113" hits="1" branch="False" />
            <line number="114" hits="1" branch="False" />
            <line number="115" hits="1" branch="False" />
            <line number="118" hits="1" branch="False" />
            <line number="120" hits="1" branch="False" />
            <line number="123" hits="1" branch="False" />
            <line number="124" hits="1" branch="False" />
            <line number="127" hits="1" branch="False" />
            <line number="129" hits="1" branch="False" />
            <line number="132" hits="1" branch="False" />
            <line number="133" hits="1" branch="False" />
            <line number="136" hits="1" branch="False" />
            <line number="138" hits="2" branch="False" />
            <line number="139" hits="1" branch="False" />
            <line number="142" hits="1" branch="False" />
            <line number="144" hits="1" branch="False" />
            <line number="145" hits="1" branch="False" />
            <line number="148" hits="1" branch="False" />
            <line number="149" hits="1" branch="False" />
            <line number="150" hits="1" branch="False" />
            <line number="151" hits="1" branch="False" />
            <line number="154" hits="1" branch="False" />
            <line number="156" hits="1" branch="False" />
            <line number="159" hits="1" branch="False" />
            <line number="160" hits="1" branch="False" />
            <line number="163" hits="1" branch="False" />
            <line number="165" hits="1" branch="False" />
            <line number="168" hits="2" branch="False" />
            <line number="169" hits="1" branch="False" />
            <line number="172" hits="1" branch="False" />
            <line number="174" hits="1" branch="False" />
            <line number="175" hits="1" branch="False" />
            <line number="178" hits="1" branch="False" />
            <line number="180" hits="1" branch="False" />
            <line number="183" hits="1" branch="False" />
            <line number="184" hits="1" branch="False" />
            <line number="187" hits="1" branch="False" />
            <line number="188" hits="1" branch="False" />
            <line number="189" hits="1" branch="False" />
            <line number="192" hits="1" branch="False" />
            <line number="193" hits="1" branch="False" />
            <line number="194" hits="1" branch="False" />
            <line number="195" hits="1" branch="False" />
            <line number="198" hits="1" branch="False" />
            <line number="199" hits="1" branch="False" />
            <line number="200" hits="1" branch="False" />
            <line number="201" hits="1" branch="False" />
          </lines>
        </class>
      </classes>
    </package>
    <package name="Airports-Project-Final" line-rate="0.5737" branch-rate="0.2857" complexity="62">
      <classes>
        <class name="Airports_Project_Final.Program" filename="Documents\exercises-2021\Daniel\Airport-Project\Airports-Project-Final\Airports-Project-Final\Program.cs" line-rate="0" branch-rate="1" complexity="2">
          <methods>
            <method name="Main" signature="(System.String[])" line-rate="0" branch-rate="1" complexity="1">
              <lines>
                <line number="16" hits="0" branch="False" />
                <line number="17" hits="0" branch="False" />
                <line number="18" hits="0" branch="False" />
              </lines>
            </method>
            <method name="CreateHostBuilder" signature="(System.String[])" line-rate="0" branch-rate="1" complexity="1">
              <lines>
                <line number="21" hits="0" branch="False" />
                <line number="22" hits="0" branch="False" />
                <line number="23" hits="0" branch="False" />
                <line number="24" hits="0" branch="False" />
                <line number="25" hits="0" branch="False" />
              </lines>
            </method>
          </methods>
          <lines>
            <line number="16" hits="0" branch="False" />
            <line number="17" hits="0" branch="False" />
            <line number="18" hits="0" branch="False" />
            <line number="21" hits="0" branch="False" />
            <line number="22" hits="0" branch="False" />
            <line number="23" hits="0" branch="False" />
            <line number="24" hits="0" branch="False" />
            <line number="25" hits="0" branch="False" />
          </lines>
        </class>
        <class name="Airports_Project_Final.Startup" filename="Documents\exercises-2021\Daniel\Airport-Project\Airports-Project-Final\Airports-Project-Final\Startup.cs" line-rate="0" branch-rate="0" complexity="5">
          <methods>
            <method name="get_Configuration" signature="()" line-rate="0" branch-rate="1" complexity="1">
              <lines>
                <line number="24" hits="0" branch="False" />
              </lines>
            </method>
            <method name="ConfigureServices" signature="(Microsoft.Extensions.DependencyInjection.IServiceCollection)" line-rate="0" branch-rate="1" complexity="1">
              <lines>
                <line number="28" hits="0" branch="False" />
                <line number="29" hits="0" branch="False" />
                <line number="30" hits="0" branch="False" />
                <line number="31" hits="0" branch="False" />
                <line number="32" hits="0" branch="False" />
                <line number="33" hits="0" branch="False" />
                <line number="34" hits="0" branch="False" />
                <line number="35" hits="0" branch="False" />
              </lines>
            </method>
            <method name="Configure" signature="(Microsoft.AspNetCore.Builder.IApplicationBuilder,Microsoft.AspNetCore.Hosting.IWebHostEnvironment)" line-rate="0" branch-rate="0" complexity="2">
              <lines>
                <line number="39" hits="0" branch="False" />
                <line number="40" hits="0" branch="True" condition-coverage="0% (0/2)">
                  <conditions>
                    <condition number="9" type="jump" coverage="0%" />
                  </conditions>
                </line>
                <line number="41" hits="0" branch="False" />
                <line number="42" hits="0" branch="False" />
                <line number="43" hits="0" branch="False" />
                <line number="45" hits="0" branch="False" />
                <line number="46" hits="0" branch="False" />
                <line number="48" hits="0" branch="False" />
                <line number="49" hits="0" branch="False" />
                <line number="50" hits="0" branch="False" />
                <line number="51" hits="0" branch="False" />
                <line number="53" hits="0" branch="False" />
                <line number="55" hits="0" branch="False" />
                <line number="57" hits="0" branch="False" />
                <line number="58" hits="0" branch="False" />
                <line number="59" hits="0" branch="False" />
                <line number="60" hits="0" branch="False" />
                <line number="61" hits="0" branch="False" />
                <line number="62" hits="0" branch="False" />
                <line number="63" hits="0" branch="False" />
              </lines>
            </method>
            <method name=".ctor" signature="(Microsoft.Extensions.Configuration.IConfiguration)" line-rate="0" branch-rate="1" complexity="1">
              <lines>
                <line number="19" hits="0" branch="False" />
                <line number="20" hits="0" branch="False" />
                <line number="21" hits="0" branch="False" />
                <line number="22" hits="0" branch="False" />
              </lines>
            </method>
          </methods>
          <lines>
            <line number="24" hits="0" branch="False" />
            <line number="28" hits="0" branch="False" />
            <line number="29" hits="0" branch="False" />
            <line number="30" hits="0" branch="False" />
            <line number="31" hits="0" branch="False" />
            <line number="32" hits="0" branch="False" />
            <line number="33" hits="0" branch="False" />
            <line number="34" hits="0" branch="False" />
            <line number="35" hits="0" branch="False" />
            <line number="39" hits="0" branch="False" />
            <line number="40" hits="0" branch="True" condition-coverage="0% (0/2)">
              <conditions>
                <condition number="9" type="jump" coverage="0%" />
              </conditions>
            </line>
            <line number="41" hits="0" branch="False" />
            <line number="42" hits="0" branch="False" />
            <line number="43" hits="0" branch="False" />
            <line number="45" hits="0" branch="False" />
            <line number="46" hits="0" branch="False" />
            <line number="48" hits="0" branch="False" />
            <line number="49" hits="0" branch="False" />
            <line number="50" hits="0" branch="False" />
            <line number="51" hits="0" branch="False" />
            <line number="53" hits="0" branch="False" />
            <line number="55" hits="0" branch="False" />
            <line number="57" hits="0" branch="False" />
            <line number="58" hits="0" branch="False" />
            <line number="59" hits="0" branch="False" />
            <line number="60" hits="0" branch="False" />
            <line number="61" hits="0" branch="False" />
            <line number="62" hits="0" branch="False" />
            <line number="63" hits="0" branch="False" />
            <line number="19" hits="0" branch="False" />
            <line number="20" hits="0" branch="False" />
            <line number="21" hits="0" branch="False" />
            <line number="22" hits="0" branch="False" />
          </lines>
        </class>
        <class name="Airports_Project_Final.Services.AirlineService" filename="Documents\exercises-2021\Daniel\Airport-Project\Airports-Project-Final\Airports-Project-Final\Services\AirlineService.cs" line-rate="1" branch-rate="1" complexity="6">
          <methods>
            <method name="GetAll" signature="()" line-rate="1" branch-rate="1" complexity="1">
              <lines>
                <line number="16" hits="1" branch="False" />
                <line number="17" hits="1" branch="False" />
                <line number="18" hits="1" branch="False" />
              </lines>
            </method>
            <method name="Get" signature="(System.Int32)" line-rate="1" branch-rate="1" complexity="1">
              <lines>
                <line number="20" hits="1" branch="False" />
                <line number="21" hits="1" branch="False" />
                <line number="22" hits="1" branch="False" />
              </lines>
            </method>
            <method name="Add" signature="(Airports_Project_Final.Data.Airline)" line-rate="1" branch-rate="1" complexity="1">
              <lines>
                <line number="27" hits="9" branch="False" />
                <line number="28" hits="9" branch="False" />
                <line number="29" hits="9" branch="False" />
                <line number="30" hits="8" branch="False" />
              </lines>
            </method>
            <method name="Delete" signature="(Airports_Project_Final.Data.Airline)" line-rate="1" branch-rate="1" complexity="1">
              <lines>
                <line number="33" hits="1" branch="False" />
                <line number="34" hits="1" branch="False" />
                <line number="35" hits="1" branch="False" />
                <line number="36" hits="1" branch="False" />
              </lines>
            </method>
            <method name="ReplaceInfoWith" signature="(Airports_Project_Final.Data.Airline)" line-rate="1" branch-rate="1" complexity="1">
              <lines>
                <line number="39" hits="1" branch="False" />
                <line number="40" hits="1" branch="False" />
                <line number="41" hits="1" branch="False" />
                <line number="42" hits="1" branch="False" />
                <line number="43" hits="1" branch="False" />
                <line number="44" hits="1" branch="False" />
              </lines>
            </method>
            <method name=".ctor" signature="(Airports_Project_Final.Data.AirportDbContext)" line-rate="1" branch-rate="1" complexity="1">
              <lines>
                <line number="11" hits="7" branch="False" />
                <line number="12" hits="7" branch="False" />
                <line number="13" hits="7" branch="False" />
                <line number="14" hits="7" branch="False" />
              </lines>
            </method>
          </methods>
          <lines>
            <line number="16" hits="1" branch="False" />
            <line number="17" hits="1" branch="False" />
            <line number="18" hits="1" branch="False" />
            <line number="20" hits="1" branch="False" />
            <line number="21" hits="1" branch="False" />
            <line number="22" hits="1" branch="False" />
            <line number="27" hits="9" branch="False" />
            <line number="28" hits="9" branch="False" />
            <line number="29" hits="9" branch="False" />
            <line number="30" hits="8" branch="False" />
            <line number="33" hits="1" branch="False" />
            <line number="34" hits="1" branch="False" />
            <line number="35" hits="1" branch="False" />
            <line number="36" hits="1" branch="False" />
            <line number="39" hits="1" branch="False" />
            <line number="40" hits="1" branch="False" />
            <line number="41" hits="1" branch="False" />
            <line number="42" hits="1" branch="False" />
            <line number="43" hits="1" branch="False" />
            <line number="44" hits="1" branch="False" />
            <line number="11" hits="7" branch="False" />
            <line number="12" hits="7" branch="False" />
            <line number="13" hits="7" branch="False" />
            <line number="14" hits="7" branch="False" />
          </lines>
        </class>
        <class name="Airports_Project_Final.Services.AirportService" filename="Documents\exercises-2021\Daniel\Airport-Project\Airports-Project-Final\Airports-Project-Final\Services\AirportService.cs" line-rate="1" branch-rate="1" complexity="6">
          <methods>
            <method name="Get" signature="(System.Int32)" line-rate="1" branch-rate="1" complexity="1">
              <lines>
                <line number="19" hits="6" branch="False" />
                <line number="20" hits="6" branch="False" />
                <line number="21" hits="6" branch="False" />
              </lines>
            </method>
            <method name="GetAll" signature="()" line-rate="1" branch-rate="1" complexity="1">
              <lines>
                <line number="27" hits="3" branch="False" />
                <line number="28" hits="3" branch="False" />
                <line number="29" hits="3" branch="False" />
              </lines>
            </method>
            <method name="Add" signature="(Airports_Project_Final.Data.Airport)" line-rate="1" branch-rate="1" complexity="1">
              <lines>
                <line number="35" hits="10" branch="False" />
                <line number="36" hits="10" branch="False" />
                <line number="37" hits="9" branch="False" />
                <line number="38" hits="9" branch="False" />
              </lines>
            </method>
            <method name="Delete" signature="(Airports_Project_Final.Data.Airport)" line-rate="1" branch-rate="1" complexity="1">
              <lines>
                <line number="44" hits="3" branch="False" />
                <line number="45" hits="3" branch="False" />
                <line number="46" hits="3" branch="False" />
                <line number="47" hits="2" branch="False" />
              </lines>
            </method>
            <method name="Edit" signature="(Airports_Project_Final.Data.Airport)" line-rate="1" branch-rate="1" complexity="1">
              <lines>
                <line number="53" hits="2" branch="False" />
                <line number="54" hits="2" branch="False" />
                <line number="55" hits="2" branch="False" />
                <line number="56" hits="2" branch="False" />
                <line number="57" hits="2" branch="False" />
                <line number="58" hits="2" branch="False" />
                <line number="59" hits="2" branch="False" />
                <line number="60" hits="2" branch="False" />
                <line number="61" hits="2" branch="False" />
              </lines>
            </method>
            <method name=".ctor" signature="(Airports_Project_Final.Data.AirportDbContext)" line-rate="1" branch-rate="1" complexity="1">
              <lines>
                <line number="10" hits="20" branch="False" />
                <line number="11" hits="20" branch="False" />
                <line number="12" hits="20" branch="False" />
                <line number="13" hits="20" branch="False" />
              </lines>
            </method>
          </methods>
          <lines>
            <line number="19" hits="6" branch="False" />
            <line number="20" hits="6" branch="False" />
            <line number="21" hits="6" branch="False" />
            <line number="27" hits="3" branch="False" />
            <line number="28" hits="3" branch="False" />
            <line number="29" hits="3" branch="False" />
            <line number="35" hits="10" branch="False" />
            <line number="36" hits="10" branch="False" />
            <line number="37" hits="9" branch="False" />
            <line number="38" hits="9" branch="False" />
            <line number="44" hits="3" branch="False" />
            <line number="45" hits="3" branch="False" />
            <line number="46" hits="3" branch="False" />
            <line number="47" hits="2" branch="False" />
            <line number="53" hits="2" branch="False" />
            <line number="54" hits="2" branch="False" />
            <line number="55" hits="2" branch="False" />
            <line number="56" hits="2" branch="False" />
            <line number="57" hits="2" branch="False" />
            <line number="58" hits="2" branch="False" />
            <line number="59" hits="2" branch="False" />
            <line number="60" hits="2" branch="False" />
            <line number="61" hits="2" branch="False" />
            <line number="10" hits="20" branch="False" />
            <line number="11" hits="20" branch="False" />
            <line number="12" hits="20" branch="False" />
            <line number="13" hits="20" branch="False" />
          </lines>
        </class>
        <class name="Airports_Project_Final.Models.AirportFormModel" filename="Documents\exercises-2021\Daniel\Airport-Project\Airports-Project-Final\Airports-Project-Final\Models\AirportFormModel.cs" line-rate="1" branch-rate="1" complexity="5">
          <methods>
            <method name="get_PORT_ID" signature="()" line-rate="1" branch-rate="1" complexity="1">
              <lines>
                <line number="5" hits="2" branch="False" />
              </lines>
            </method>
            <method name="get_Name" signature="()" line-rate="1" branch-rate="1" complexity="1">
              <lines>
                <line number="6" hits="2" branch="False" />
              </lines>
            </method>
            <method name="get_Adress" signature="()" line-rate="1" branch-rate="1" complexity="1">
              <lines>
                <line number="7" hits="2" branch="False" />
              </lines>
            </method>
            <method name="get_City" signature="()" line-rate="1" branch-rate="1" complexity="1">
              <lines>
                <line number="8" hits="2" branch="False" />
              </lines>
            </method>
            <method name="get_Country" signature="()" line-rate="1" branch-rate="1" complexity="1">
              <lines>
                <line number="9" hits="2" branch="False" />
              </lines>
            </method>
          </methods>
          <lines>
            <line number="5" hits="2" branch="False" />
            <line number="6" hits="2" branch="False" />
            <line number="7" hits="2" branch="False" />
            <line number="8" hits="2" branch="False" />
            <line number="9" hits="2" branch="False" />
          </lines>
        </class>
        <class name="Airports_Project_Final.Models.ErrorViewModel" filename="Documents\exercises-2021\Daniel\Airport-Project\Airports-Project-Final\Airports-Project-Final\Models\ErrorViewModel.cs" line-rate="0" branch-rate="1" complexity="2">
          <methods>
            <method name="get_RequestId" signature="()" line-rate="0" branch-rate="1" complexity="1">
              <lines>
                <line number="7" hits="0" branch="False" />
              </lines>
            </method>
            <method name="get_ShowRequestId" signature="()" line-rate="0" branch-rate="1" complexity="1">
              <lines>
                <line number="9" hits="0" branch="False" />
              </lines>
            </method>
          </methods>
          <lines>
            <line number="7" hits="0" branch="False" />
            <line number="9" hits="0" branch="False" />
          </lines>
        </class>
        <class name="Airports_Project_Final.Data.Airline" filename="Documents\exercises-2021\Daniel\Airport-Project\Airports-Project-Final\Airports-Project-Final\Data\Airline.cs" line-rate="1" branch-rate="1" complexity="2">
          <methods>
            <method name="get_ID" signature="()" line-rate="1" branch-rate="1" complexity="1">
              <lines>
                <line number="11" hits="11" branch="False" />
              </lines>
            </method>
            <method name="get_Name" signature="()" line-rate="1" branch-rate="1" complexity="1">
              <lines>
                <line number="12" hits="12" branch="False" />
              </lines>
            </method>
          </methods>
          <lines>
            <line number="11" hits="11" branch="False" />
            <line number="12" hits="12" branch="False" />
          </lines>
        </class>
        <class name="Airports_Project_Final.Data.Airport" filename="Documents\exercises-2021\Daniel\Airport-Project\Airports-Project-Final\Airports-Project-Final\Data\Airport.cs" line-rate="1" branch-rate="1" complexity="6">
          <methods>
            <method name="get_ID" signature="()" line-rate="1" branch-rate="1" complexity="1">
              <lines>
                <line number="5" hits="17" branch="False" />
              </lines>
            </method>
            <method name="get_PORT_ID" signature="()" line-rate="1" branch-rate="1" complexity="1">
              <lines>
                <line number="6" hits="13" branch="False" />
              </lines>
            </method>
            <method name="get_Name" signature="()" line-rate="1" branch-rate="1" complexity="1">
              <lines>
                <line number="7" hits="18" branch="False" />
              </lines>
            </method>
            <method name="get_Adress" signature="()" line-rate="1" branch-rate="1" complexity="1">
              <lines>
                <line number="8" hits="17" branch="False" />
              </lines>
            </method>
            <method name="get_City" signature="()" line-rate="1" branch-rate="1" complexity="1">
              <lines>
                <line number="9" hits="17" branch="False" />
              </lines>
            </method>
            <method name="get_Country" signature="()" line-rate="1" branch-rate="1" complexity="1">
              <lines>
                <line number="10" hits="19" branch="False" />
              </lines>
            </method>
          </methods>
          <lines>
            <line number="5" hits="17" branch="False" />
            <line number="6" hits="13" branch="False" />
            <line number="7" hits="18" branch="False" />
            <line number="8" hits="17" branch="False" />
            <line number="9" hits="17" branch="False" />
            <line number="10" hits="19" branch="False" />
          </lines>
        </class>
        <class name="Airports_Project_Final.Data.AirportDbContext" filename="Documents\exercises-2021\Daniel\Airport-Project\Airports-Project-Final\Airports-Project-Final\Data\AirportDbContext.cs" line-rate="1" branch-rate="1" complexity="3">
          <methods>
            <method name="get_Airport" signature="()" line-rate="1" branch-rate="1" complexity="1">
              <lines>
                <line number="11" hits="55" branch="False" />
              </lines>
            </method>
            <method name="get_Airline" signature="()" line-rate="1" branch-rate="1" complexity="1">
              <lines>
                <line number="12" hits="43" branch="False" />
              </lines>
            </method>
            <method name=".ctor" signature="(Microsoft.EntityFrameworkCore.DbContextOptions`1&lt;Airports_Project_Final.Data.AirportDbContext&gt;)" line-rate="1" branch-rate="1" complexity="1">
              <lines>
                <line number="13" hits="27" branch="False" />
                <line number="14" hits="27" branch="False" />
                <line number="15" hits="27" branch="False" />
              </lines>
            </method>
          </methods>
          <lines>
            <line number="11" hits="55" branch="False" />
            <line number="12" hits="43" branch="False" />
            <line number="13" hits="27" branch="False" />
            <line number="14" hits="27" branch="False" />
            <line number="15" hits="27" branch="False" />
          </lines>
        </class>
        <class name="Airports_Project_Final.Controllers.AirlinesController" filename="Documents\exercises-2021\Daniel\Airport-Project\Airports-Project-Final\Airports-Project-Final\Controllers\AirlinesController.cs" line-rate="0.2413" branch-rate="0" complexity="9">
          <methods>
            <method name="Index" signature="()" line-rate="0" branch-rate="1" complexity="1">
              <lines>
                <line number="15" hits="0" branch="False" />
                <line number="16" hits="0" branch="False" />
                <line number="17" hits="0" branch="False" />
              </lines>
            </method>
            <method name="Create" signature="()" line-rate="1" branch-rate="1" complexity="1">
              <lines>
                <line number="19" hits="1" branch="False" />
                <line number="20" hits="1" branch="False" />
                <line number="21" hits="1" branch="False" />
              </lines>
            </method>
            <method name="Create" signature="(Airports_Project_Final.Data.Airline)" line-rate="0" branch-rate="1" complexity="1">
              <lines>
                <line number="24" hits="0" branch="False" />
                <line number="25" hits="0" branch="False" />
                <line number="26" hits="0" branch="False" />
                <line number="27" hits="0" branch="False" />
              </lines>
            </method>
            <method name="Delete" signature="(System.Int32)" line-rate="0" branch-rate="0" complexity="2">
              <lines>
                <line number="29" hits="0" branch="False" />
                <line number="30" hits="0" branch="False" />
                <line number="31" hits="0" branch="True" condition-coverage="0% (0/2)">
                  <conditions>
                    <condition number="20" type="jump" coverage="0%" />
                  </conditions>
                </line>
                <line number="32" hits="0" branch="False" />
                <line number="33" hits="0" branch="False" />
                <line number="34" hits="0" branch="False" />
              </lines>
            </method>
            <method name="Edit" signature="(System.Int32)" line-rate="0" branch-rate="0" complexity="2">
              <lines>
                <line number="36" hits="0" branch="False" />
                <line number="37" hits="0" branch="False" />
                <line number="38" hits="0" branch="True" condition-coverage="0% (0/2)">
                  <conditions>
                    <condition number="20" type="jump" coverage="0%" />
                  </conditions>
                </line>
                <line number="39" hits="0" branch="False" />
                <line number="40" hits="0" branch="False" />
              </lines>
            </method>
            <method name="Edit" signature="(Airports_Project_Final.Data.Airline)" line-rate="0" branch-rate="1" complexity="1">
              <lines>
                <line number="43" hits="0" branch="False" />
                <line number="44" hits="0" branch="False" />
                <line number="45" hits="0" branch="False" />
                <line number="46" hits="0" branch="False" />
              </lines>
            </method>
            <method name=".ctor" signature="(Airports_Project_Final.Services.AirlineService)" line-rate="1" branch-rate="1" complexity="1">
              <lines>
                <line number="10" hits="7" branch="False" />
                <line number="11" hits="7" branch="False" />
                <line number="12" hits="7" branch="False" />
                <line number="13" hits="7" branch="False" />
              </lines>
            </method>
          </methods>
          <lines>
            <line number="15" hits="0" branch="False" />
            <line number="16" hits="0" branch="False" />
            <line number="17" hits="0" branch="False" />
            <line number="19" hits="1" branch="False" />
            <line number="20" hits="1" branch="False" />
            <line number="21" hits="1" branch="False" />
            <line number="24" hits="0" branch="False" />
            <line number="25" hits="0" branch="False" />
            <line number="26" hits="0" branch="False" />
            <line number="27" hits="0" branch="False" />
            <line number="29" hits="0" branch="False" />
            <line number="30" hits="0" branch="False" />
            <line number="31" hits="0" branch="True" condition-coverage="0% (0/2)">
              <conditions>
                <condition number="20" type="jump" coverage="0%" />
              </conditions>
            </line>
            <line number="32" hits="0" branch="False" />
            <line number="33" hits="0" branch="False" />
            <line number="34" hits="0" branch="False" />
            <line number="36" hits="0" branch="False" />
            <line number="37" hits="0" branch="False" />
            <line number="38" hits="0" branch="True" condition-coverage="0% (0/2)">
              <conditions>
                <condition number="20" type="jump" coverage="0%" />
              </conditions>
            </line>
            <line number="39" hits="0" branch="False" />
            <line number="40" hits="0" branch="False" />
            <line number="43" hits="0" branch="False" />
            <line number="44" hits="0" branch="False" />
            <line number="45" hits="0" branch="False" />
            <line number="46" hits="0" branch="False" />
            <line number="10" hits="7" branch="False" />
            <line number="11" hits="7" branch="False" />
            <line number="12" hits="7" branch="False" />
            <line number="13" hits="7" branch="False" />
          </lines>
        </class>
        <class name="Airports_Project_Final.Controllers.AirportsController" filename="Documents\exercises-2021\Daniel\Airport-Project\Airports-Project-Final\Airports-Project-Final\Controllers\AirportsController.cs" line-rate="1" branch-rate="1" complexity="9">
          <methods>
            <method name="Index" signature="()" line-rate="1" branch-rate="1" complexity="1">
              <lines>
                <line number="16" hits="3" branch="False" />
                <line number="17" hits="3" branch="False" />
                <line number="18" hits="2" branch="False" />
              </lines>
            </method>
            <method name="Create" signature="()" line-rate="1" branch-rate="1" complexity="1">
              <lines>
                <line number="20" hits="2" branch="False" />
                <line number="21" hits="2" branch="False" />
                <line number="22" hits="2" branch="False" />
              </lines>
            </method>
            <method name="Create" signature="(Airports_Project_Final.Models.AirportFormModel)" line-rate="1" branch-rate="1" complexity="1">
              <lines>
                <line number="25" hits="2" branch="False" />
                <line number="26" hits="2" branch="False" />
                <line number="27" hits="1" branch="False" />
                <line number="28" hits="1" branch="False" />
              </lines>
            </method>
            <method name="Delete" signature="(System.Int32)" line-rate="1" branch-rate="1" complexity="2">
              <lines>
                <line number="30" hits="2" branch="False" />
                <line number="31" hits="2" branch="False" />
                <line number="32" hits="3" branch="True" condition-coverage="100% (2/2)">
                  <conditions>
                    <condition number="20" type="jump" coverage="100%" />
                  </conditions>
                </line>
                <line number="33" hits="1" branch="False" />
                <line number="34" hits="1" branch="False" />
                <line number="35" hits="2" branch="False" />
              </lines>
            </method>
            <method name="Edit" signature="(System.Int32)" line-rate="1" branch-rate="1" complexity="2">
              <lines>
                <line number="37" hits="2" branch="False" />
                <line number="38" hits="2" branch="False" />
                <line number="39" hits="3" branch="True" condition-coverage="100% (2/2)">
                  <conditions>
                    <condition number="20" type="jump" coverage="100%" />
                  </conditions>
                </line>
                <line number="40" hits="1" branch="False" />
                <line number="41" hits="2" branch="False" />
              </lines>
            </method>
            <method name="Edit" signature="(Airports_Project_Final.Data.Airport)" line-rate="1" branch-rate="1" complexity="1">
              <lines>
                <line number="44" hits="1" branch="False" />
                <line number="45" hits="1" branch="False" />
                <line number="46" hits="1" branch="False" />
                <line number="47" hits="1" branch="False" />
              </lines>
            </method>
            <method name=".ctor" signature="(Airports_Project_Final.Services.AirportService)" line-rate="1" branch-rate="1" complexity="1">
              <lines>
                <line number="11" hits="21" branch="False" />
                <line number="12" hits="21" branch="False" />
                <line number="13" hits="21" branch="False" />
                <line number="14" hits="21" branch="False" />
              </lines>
            </method>
          </methods>
          <lines>
            <line number="16" hits="3" branch="False" />
            <line number="17" hits="3" branch="False" />
            <line number="18" hits="2" branch="False" />
            <line number="20" hits="2" branch="False" />
            <line number="21" hits="2" branch="False" />
            <line number="22" hits="2" branch="False" />
            <line number="25" hits="2" branch="False" />
            <line number="26" hits="2" branch="False" />
            <line number="27" hits="1" branch="False" />
            <line number="28" hits="1" branch="False" />
            <line number="30" hits="2" branch="False" />
            <line number="31" hits="2" branch="False" />
            <line number="32" hits="3" branch="True" condition-coverage="100% (2/2)">
              <conditions>
                <condition number="20" type="jump" coverage="100%" />
              </conditions>
            </line>
            <line number="33" hits="1" branch="False" />
            <line number="34" hits="1" branch="False" />
            <line number="35" hits="2" branch="False" />
            <line number="37" hits="2" branch="False" />
            <line number="38" hits="2" branch="False" />
            <line number="39" hits="3" branch="True" condition-coverage="100% (2/2)">
              <conditions>
                <condition number="20" type="jump" coverage="100%" />
              </conditions>
            </line>
            <line number="40" hits="1" branch="False" />
            <line number="41" hits="2" branch="False" />
            <line number="44" hits="1" branch="False" />
            <line number="45" hits="1" branch="False" />
            <line number="46" hits="1" branch="False" />
            <line number="47" hits="1" branch="False" />
            <line number="11" hits="21" branch="False" />
            <line number="12" hits="21" branch="False" />
            <line number="13" hits="21" branch="False" />
            <line number="14" hits="21" branch="False" />
          </lines>
        </class>
        <class name="Airports_Project_Final.Controllers.HomeController" filename="Documents\exercises-2021\Daniel\Airport-Project\Airports-Project-Final\Airports-Project-Final\Controllers\HomeController.cs" line-rate="0" branch-rate="0" complexity="7">
          <methods>
            <method name="Index" signature="()" line-rate="0" branch-rate="1" complexity="1">
              <lines>
                <line number="19" hits="0" branch="False" />
                <line number="20" hits="0" branch="False" />
                <line number="21" hits="0" branch="False" />
              </lines>
            </method>
            <method name="Privacy" signature="()" line-rate="0" branch-rate="1" complexity="1">
              <lines>
                <line number="24" hits="0" branch="False" />
                <line number="25" hits="0" branch="False" />
                <line number="26" hits="0" branch="False" />
              </lines>
            </method>
            <method name="Error" signature="()" line-rate="0" branch-rate="0" complexity="4">
              <lines>
                <line number="30" hits="0" branch="False" />
                <line number="31" hits="0" branch="True" condition-coverage="0% (0/4)">
                  <conditions>
                    <condition number="14" type="jump" coverage="0%" />
                    <condition number="26" type="jump" coverage="0%" />
                  </conditions>
                </line>
                <line number="32" hits="0" branch="False" />
              </lines>
            </method>
            <method name=".ctor" signature="(Microsoft.Extensions.Logging.ILogger`1&lt;Airports_Project_Final.Controllers.HomeController&gt;,Airports_Project_Final.Data.AirportDbContext)" line-rate="0" branch-rate="1" complexity="1">
              <lines>
                <line number="13" hits="0" branch="False" />
                <line number="14" hits="0" branch="False" />
                <line number="15" hits="0" branch="False" />
                <line number="16" hits="0" branch="False" />
              </lines>
            </method>
          </methods>
          <lines>
            <line number="19" hits="0" branch="False" />
            <line number="20" hits="0" branch="False" />
            <line number="21" hits="0" branch="False" />
            <line number="24" hits="0" branch="False" />
            <line number="25" hits="0" branch="False" />
            <line number="26" hits="0" branch="False" />
            <line number="30" hits="0" branch="False" />
            <line number="31" hits="0" branch="True" condition-coverage="0% (0/4)">
              <conditions>
                <condition number="14" type="jump" coverage="0%" />
                <condition number="26" type="jump" coverage="0%" />
              </conditions>
            </line>
            <line number="32" hits="0" branch="False" />
            <line number="13" hits="0" branch="False" />
            <line number="14" hits="0" branch="False" />
            <line number="15" hits="0" branch="False" />
            <line number="16" hits="0" branch="False" />
          </lines>
        </class>
      </classes>
    </package>
    <package name="Airports-Project-Final.Views" line-rate="0" branch-rate="0" complexity="153">
      <classes>
        <class name="AspNetCore.Views_Airlines_Create/&lt;ExecuteAsync&gt;d__18" filename="Documents\exercises-2021\Daniel\Airport-Project\Airports-Project-Final\Airports-Project-Final\Views\Airlines\Create.cshtml" line-rate="0" branch-rate="0" complexity="4">
          <methods>
            <method name="MoveNext" signature="()" line-rate="0" branch-rate="0" complexity="4">
              <lines>
                <line number="4" hits="0" branch="True" condition-coverage="0% (0/4)">
                  <conditions>
                    <condition number="465" type="jump" coverage="0%" />
                    <condition number="957" type="jump" coverage="0%" />
                  </conditions>
                </line>
              </lines>
            </method>
          </methods>
          <lines>
            <line number="4" hits="0" branch="True" condition-coverage="0% (0/4)">
              <conditions>
                <condition number="465" type="jump" coverage="0%" />
                <condition number="957" type="jump" coverage="0%" />
              </conditions>
            </line>
          </lines>
        </class>
        <class name="AspNetCore.Views_Airlines_Create/&lt;&lt;ExecuteAsync&gt;b__18_0&gt;d" filename="Documents\exercises-2021\Daniel\Airport-Project\Airports-Project-Final\Airports-Project-Final\Views\Airlines\Create.cshtml" line-rate="0" branch-rate="0" complexity="8">
          <methods>
            <method name="MoveNext" signature="()" line-rate="0" branch-rate="0" complexity="8">
              <lines>
                <line number="13" hits="0" branch="True" condition-coverage="0% (0/2)">
                  <conditions>
                    <condition number="451" type="jump" coverage="0%" />
                  </conditions>
                </line>
                <line number="15" hits="0" branch="True" condition-coverage="0% (0/2)">
                  <conditions>
                    <condition number="1068" type="jump" coverage="0%" />
                  </conditions>
                </line>
                <line number="16" hits="0" branch="True" condition-coverage="0% (0/2)">
                  <conditions>
                    <condition number="1685" type="jump" coverage="0%" />
                  </conditions>
                </line>
                <line number="17" hits="0" branch="True" condition-coverage="0% (0/2)">
                  <conditions>
                    <condition number="2302" type="jump" coverage="0%" />
                  </conditions>
                </line>
              </lines>
            </method>
          </methods>
          <lines>
            <line number="13" hits="0" branch="True" condition-coverage="0% (0/2)">
              <conditions>
                <condition number="451" type="jump" coverage="0%" />
              </conditions>
            </line>
            <line number="15" hits="0" branch="True" condition-coverage="0% (0/2)">
              <conditions>
                <condition number="1068" type="jump" coverage="0%" />
              </conditions>
            </line>
            <line number="16" hits="0" branch="True" condition-coverage="0% (0/2)">
              <conditions>
                <condition number="1685" type="jump" coverage="0%" />
              </conditions>
            </line>
            <line number="17" hits="0" branch="True" condition-coverage="0% (0/2)">
              <conditions>
                <condition number="2302" type="jump" coverage="0%" />
              </conditions>
            </line>
          </lines>
        </class>
        <class name="AspNetCore.Views_Airlines_Create/&lt;&lt;ExecuteAsync&gt;b__18_2&gt;d" filename="Documents\exercises-2021\Daniel\Airport-Project\Airports-Project-Final\Airports-Project-Final\Views\Airlines\Create.cshtml" line-rate="0" branch-rate="1" complexity="1">
          <methods>
            <method name="MoveNext" signature="()" line-rate="0" branch-rate="1" complexity="1">
              <lines>
                <line number="31" hits="0" branch="False" />
              </lines>
            </method>
          </methods>
          <lines>
            <line number="31" hits="0" branch="False" />
          </lines>
        </class>
        <class name="AspNetCore.Views_Airlines_Edit/&lt;ExecuteAsync&gt;d__19" filename="Documents\exercises-2021\Daniel\Airport-Project\Airports-Project-Final\Airports-Project-Final\Views\Airlines\Edit.cshtml" line-rate="0" branch-rate="0" complexity="4">
          <methods>
            <method name="MoveNext" signature="()" line-rate="0" branch-rate="0" complexity="4">
              <lines>
                <line number="4" hits="0" branch="True" condition-coverage="0% (0/4)">
                  <conditions>
                    <condition number="465" type="jump" coverage="0%" />
                    <condition number="957" type="jump" coverage="0%" />
                  </conditions>
                </line>
              </lines>
            </method>
          </methods>
          <lines>
            <line number="4" hits="0" branch="True" condition-coverage="0% (0/4)">
              <conditions>
                <condition number="465" type="jump" coverage="0%" />
                <condition number="957" type="jump" coverage="0%" />
              </conditions>
            </line>
          </lines>
        </class>
        <class name="AspNetCore.Views_Airlines_Edit/&lt;&lt;ExecuteAsync&gt;b__19_0&gt;d" filename="Documents\exercises-2021\Daniel\Airport-Project\Airports-Project-Final\Airports-Project-Final\Views\Airlines\Edit.cshtml" line-rate="0" branch-rate="0" complexity="10">
          <methods>
            <method name="MoveNext" signature="()" line-rate="0" branch-rate="0" complexity="10">
              <lines>
                <line number="14" hits="0" branch="True" condition-coverage="0% (0/2)">
                  <conditions>
                    <condition number="469" type="jump" coverage="0%" />
                  </conditions>
                </line>
                <line number="15" hits="0" branch="True" condition-coverage="0% (0/2)">
                  <conditions>
                    <condition number="1118" type="jump" coverage="0%" />
                  </conditions>
                </line>
                <line number="17" hits="0" branch="True" condition-coverage="0% (0/2)">
                  <conditions>
                    <condition number="1735" type="jump" coverage="0%" />
                  </conditions>
                </line>
                <line number="18" hits="0" branch="True" condition-coverage="0% (0/2)">
                  <conditions>
                    <condition number="2352" type="jump" coverage="0%" />
                  </conditions>
                </line>
                <line number="19" hits="0" branch="True" condition-coverage="0% (0/2)">
                  <conditions>
                    <condition number="2969" type="jump" coverage="0%" />
                  </conditions>
                </line>
              </lines>
            </method>
          </methods>
          <lines>
            <line number="14" hits="0" branch="True" condition-coverage="0% (0/2)">
              <conditions>
                <condition number="469" type="jump" coverage="0%" />
              </conditions>
            </line>
            <line number="15" hits="0" branch="True" condition-coverage="0% (0/2)">
              <conditions>
                <condition number="1118" type="jump" coverage="0%" />
              </conditions>
            </line>
            <line number="17" hits="0" branch="True" condition-coverage="0% (0/2)">
              <conditions>
                <condition number="1735" type="jump" coverage="0%" />
              </conditions>
            </line>
            <line number="18" hits="0" branch="True" condition-coverage="0% (0/2)">
              <conditions>
                <condition number="2352" type="jump" coverage="0%" />
              </conditions>
            </line>
            <line number="19" hits="0" branch="True" condition-coverage="0% (0/2)">
              <conditions>
                <condition number="2969" type="jump" coverage="0%" />
              </conditions>
            </line>
          </lines>
        </class>
        <class name="AspNetCore.Views_Airlines_Edit/&lt;&lt;ExecuteAsync&gt;b__19_2&gt;d" filename="Documents\exercises-2021\Daniel\Airport-Project\Airports-Project-Final\Airports-Project-Final\Views\Airlines\Edit.cshtml" line-rate="0" branch-rate="1" complexity="1">
          <methods>
            <method name="MoveNext" signature="()" line-rate="0" branch-rate="1" complexity="1">
              <lines>
                <line number="33" hits="0" branch="False" />
              </lines>
            </method>
          </methods>
          <lines>
            <line number="33" hits="0" branch="False" />
          </lines>
        </class>
        <class name="AspNetCore.Views_Airlines_Index/&lt;ExecuteAsync&gt;d__11" filename="Documents\exercises-2021\Daniel\Airport-Project\Airports-Project-Final\Airports-Project-Final\Views\Airlines\Index.cshtml" line-rate="0" branch-rate="0" complexity="23">
          <methods>
            <method name="MoveNext" signature="()" line-rate="0" branch-rate="0" complexity="23">
              <lines>
                <line number="4" hits="0" branch="True" condition-coverage="0% (0/2)">
                  <conditions>
                    <condition number="426" type="jump" coverage="0%" />
                  </conditions>
                </line>
                <line number="16" hits="0" branch="False" />
                <line number="22" hits="0" branch="True" condition-coverage="0% (0/9)">
                  <conditions>
                    <condition number="3130" type="jump" coverage="0%" />
                    <condition number="743" type="switch" coverage="0%" />
                  </conditions>
                </line>
                <line number="25" hits="0" branch="True" condition-coverage="0% (0/2)">
                  <conditions>
                    <condition number="1181" type="jump" coverage="0%" />
                  </conditions>
                </line>
                <line number="28" hits="0" branch="True" condition-coverage="0% (0/4)">
                  <conditions>
                    <condition number="1518" type="jump" coverage="0%" />
                    <condition number="1885" type="jump" coverage="0%" />
                  </conditions>
                </line>
                <line number="29" hits="0" branch="True" condition-coverage="0% (0/4)">
                  <conditions>
                    <condition number="2222" type="jump" coverage="0%" />
                    <condition number="2589" type="jump" coverage="0%" />
                  </conditions>
                </line>
                <line number="30" hits="0" branch="True" condition-coverage="0% (0/2)">
                  <conditions>
                    <condition number="2926" type="jump" coverage="0%" />
                  </conditions>
                </line>
                <line number="33" hits="0" branch="False" />
              </lines>
            </method>
          </methods>
          <lines>
            <line number="4" hits="0" branch="True" condition-coverage="0% (0/2)">
              <conditions>
                <condition number="426" type="jump" coverage="0%" />
              </conditions>
            </line>
            <line number="16" hits="0" branch="False" />
            <line number="22" hits="0" branch="True" condition-coverage="0% (0/9)">
              <conditions>
                <condition number="3130" type="jump" coverage="0%" />
                <condition number="743" type="switch" coverage="0%" />
              </conditions>
            </line>
            <line number="25" hits="0" branch="True" condition-coverage="0% (0/2)">
              <conditions>
                <condition number="1181" type="jump" coverage="0%" />
              </conditions>
            </line>
            <line number="28" hits="0" branch="True" condition-coverage="0% (0/4)">
              <conditions>
                <condition number="1518" type="jump" coverage="0%" />
                <condition number="1885" type="jump" coverage="0%" />
              </conditions>
            </line>
            <line number="29" hits="0" branch="True" condition-coverage="0% (0/4)">
              <conditions>
                <condition number="2222" type="jump" coverage="0%" />
                <condition number="2589" type="jump" coverage="0%" />
              </conditions>
            </line>
            <line number="30" hits="0" branch="True" condition-coverage="0% (0/2)">
              <conditions>
                <condition number="2926" type="jump" coverage="0%" />
              </conditions>
            </line>
            <line number="33" hits="0" branch="False" />
          </lines>
        </class>
        <class name="AspNetCore.Views_Airports_Create/&lt;ExecuteAsync&gt;d__16" filename="Documents\exercises-2021\Daniel\Airport-Project\Airports-Project-Final\Airports-Project-Final\Views\Airports\Create.cshtml" line-rate="0" branch-rate="0" complexity="2">
          <methods>
            <method name="MoveNext" signature="()" line-rate="0" branch-rate="0" complexity="2">
              <lines>
                <line number="4" hits="0" branch="True" condition-coverage="0% (0/2)">
                  <conditions>
                    <condition number="442" type="jump" coverage="0%" />
                  </conditions>
                </line>
              </lines>
            </method>
          </methods>
          <lines>
            <line number="4" hits="0" branch="True" condition-coverage="0% (0/2)">
              <conditions>
                <condition number="442" type="jump" coverage="0%" />
              </conditions>
            </line>
          </lines>
        </class>
        <class name="AspNetCore.Views_Airports_Create/&lt;&lt;ExecuteAsync&gt;b__16_0&gt;d" filename="Documents\exercises-2021\Daniel\Airport-Project\Airports-Project-Final\Airports-Project-Final\Views\Airports\Create.cshtml" line-rate="0" branch-rate="0" complexity="32">
          <methods>
            <method name="MoveNext" signature="()" line-rate="0" branch-rate="0" complexity="32">
              <lines>
                <line number="13" hits="0" branch="True" condition-coverage="0% (0/2)">
                  <conditions>
                    <condition number="670" type="jump" coverage="0%" />
                  </conditions>
                </line>
                <line number="15" hits="0" branch="True" condition-coverage="0% (0/2)">
                  <conditions>
                    <condition number="1287" type="jump" coverage="0%" />
                  </conditions>
                </line>
[...]
              </conditions>
            </line>
            <line number="37" hits="0" branch="True" condition-coverage="0% (0/2)">
              <conditions>
                <condition number="9947" type="jump" coverage="0%" />
              </conditions>
            </line>
          </lines>
        </class>
        <class name="AspNetCore.Views_Airports_Create/&lt;&lt;ExecuteAsync&gt;b__16_1&gt;d" filename="Documents\exercises-2021\Daniel\Airport-Project\Airports-Project-Final\Airports-Project-Final\Views\Airports\Create.cshtml" line-rate="0" branch-rate="1" complexity="1">
          <methods>
            <method name="MoveNext" signature="()" line-rate="0" branch-rate="1" complexity="1">
              <lines>
                <line number="47" hits="0" branch="False" />
              </lines>
            </method>
          </methods>
          <lines>
            <line number="47" hits="0" branch="False" />
          </lines>
        </class>
        <class name="AspNetCore.Views_Airports_Edit/&lt;ExecuteAsync&gt;d__18" filename="Documents\exercises-2021\Daniel\Airport-Project\Airports-Project-Final\Airports-Project-Final\Views\Airports\Edit.cshtml" line-rate="0" branch-rate="0" complexity="4">
          <methods>
            <method name="MoveNext" signature="()" line-rate="0" branch-rate="0" complexity="4">
              <lines>
                <line number="4" hits="0" branch="True" condition-coverage="0% (0/4)">
                  <conditions>
                    <condition number="465" type="jump" coverage="0%" />
                    <condition number="957" type="jump" coverage="0%" />
                  </conditions>
                </line>
              </lines>
            </method>
          </methods>
          <lines>
            <line number="4" hits="0" branch="True" condition-coverage="0% (0/4)">
              <conditions>
                <condition number="465" type="jump" coverage="0%" />
                <condition number="957" type="jump" coverage="0%" />
              </conditions>
            </line>
          </lines>
        </class>
        <class name="AspNetCore.Views_Airports_Edit/&lt;&lt;ExecuteAsync&gt;b__18_0&gt;d" filename="Documents\exercises-2021\Daniel\Airport-Project\Airports-Project-Final\Airports-Project-Final\Views\Airports\Edit.cshtml" line-rate="0" branch-rate="0" complexity="26">
          <methods>
            <method name="MoveNext" signature="()" line-rate="0" branch-rate="0" complexity="26">
              <lines>
                <line number="12" hits="0" branch="True" condition-coverage="0% (0/2)">
                  <conditions>
                    <condition number="616" type="jump" coverage="0%" />
                  </conditions>
                </line>
                <line number="14" hits="0" branch="True" condition-coverage="0% (0/2)">
                  <conditions>
                    <condition number="1233" type="jump" coverage="0%" />
                  </conditions>
                </line>
                <line number="15" hits="0" branch="True" condition-coverage="0% (0/2)">
                  <conditions>
                    <condition number="1850" type="jump" coverage="0%" />
                  </conditions>
                </line>
                <line number="16" hits="0" branch="True" condition-coverage="0% (0/2)">
                  <conditions>
                    <condition number="2467" type="jump" coverage="0%" />
                  </conditions>
                </line>
                <line number="19" hits="0" branch="True" condition-coverage="0% (0/2)">
                  <conditions>
                    <condition number="3084" type="jump" coverage="0%" />
                  </conditions>
                </line>
                <line number="20" hits="0" branch="True" condition-coverage="0% (0/2)">
                  <conditions>
                    <condition number="3703" type="jump" coverage="0%" />
                  </conditions>
                </line>
                <line number="21" hits="0" branch="True" condition-coverage="0% (0/2)">
                  <conditions>
                    <condition number="4322" type="jump" coverage="0%" />
                  </conditions>
                </line>
                <line number="24" hits="0" branch="True" condition-coverage="0% (0/2)">
                  <conditions>
                    <condition number="4941" type="jump" coverage="0%" />
                  </conditions>
                </line>
                <line number="25" hits="0" branch="True" condition-coverage="0% (0/2)">
                  <conditions>
                    <condition number="5560" type="jump" coverage="0%" />
                  </conditions>
                </line>
                <line number="26" hits="0" branch="True" condition-coverage="0% (0/2)">
                  <conditions>
                    <condition number="6179" type="jump" coverage="0%" />
                  </conditions>
                </line>
                <line number="29" hits="0" branch="True" condition-coverage="0% (0/2)">
                  <conditions>
                    <condition number="6798" type="jump" coverage="0%" />
                  </conditions>
                </line>
                <line number="30" hits="0" branch="True" condition-coverage="0% (0/2)">
                  <conditions>
                    <condition number="7417" type="jump" coverage="0%" />
                  </conditions>
                </line>
                <line number="31" hits="0" branch="True" condition-coverage="0% (0/2)">
                  <conditions>
                    <condition number="8036" type="jump" coverage="0%" />
                  </conditions>
                </line>
              </lines>
            </method>
          </methods>
          <lines>
            <line number="12" hits="0" branch="True" condition-coverage="0% (0/2)">
              <conditions>
                <condition number="616" type="jump" coverage="0%" />
              </conditions>
            </line>
            <line number="14" hits="0" branch="True" condition-coverage="0% (0/2)">
              <conditions>
                <condition number="1233" type="jump" coverage="0%" />
              </conditions>
            </line>
            <line number="15" hits="0" branch="True" condition-coverage="0% (0/2)">
              <conditions>
                <condition number="1850" type="jump" coverage="0%" />
              </conditions>
            </line>
            <line number="16" hits="0" branch="True" condition-coverage="0% (0/2)">
              <conditions>
                <condition number="2467" type="jump" coverage="0%" />
              </conditions>
            </line>
            <line number="19" hits="0" branch="True" condition-coverage="0% (0/2)">
              <conditions>
                <condition number="3084" type="jump" coverage="0%" />
              </conditions>
            </line>
            <line number="20" hits="0" branch="True" condition-coverage="0% (0/2)">
              <conditions>
                <condition number="3703" type="jump" coverage="0%" />
              </conditions>
            </line>
            <line number="21" hits="0" branch="True" condition-coverage="0% (0/2)">
              <conditions>
                <condition number="4322" type="jump" coverage="0%" />
              </conditions>
            </line>
            <line number="24" hits="0" branch="True" condition-coverage="0% (0/2)">
              <conditions>
                <condition number="4941" type="jump" coverage="0%" />
              </conditions>
            </line>
            <line number="25" hits="0" branch="True" condition-coverage="0% (0/2)">
              <conditions>
                <condition number="5560" type="jump" coverage="0%" />
              </conditions>
            </line>
            <line number="26" hits="0" branch="True" condition-coverage="0% (0/2)">
              <conditions>
                <condition number="6179" type="jump" coverage="0%" />
              </conditions>
            </line>
            <line number="29" hits="0" branch="True" condition-coverage="0% (0/2)">
              <conditions>
                <condition number="6798" type="jump" coverage="0%" />
              </conditions>
            </line>
            <line number="30" hits="0" branch="True" condition-coverage="0% (0/2)">
              <conditions>
                <condition number="7417" type="jump" coverage="0%" />
              </conditions>
            </line>
            <line number="31" hits="0" branch="True" condition-coverage="0% (0/2)">
              <conditions>
                <condition number="8036" type="jump" coverage="0%" />
              </conditions>
            </line>
          </lines>
        </class>
        <class name="AspNetCore.Views_Airports_Edit/&lt;&lt;ExecuteAsync&gt;b__18_2&gt;d" filename="Documents\exercises-2021\Daniel\Airport-Project\Airports-Project-Final\Airports-Project-Final\Views\Airports\Edit.cshtml" line-rate="0" branch-rate="1" complexity="1">
          <methods>
            <method name="MoveNext" signature="()" line-rate="0" branch-rate="1" complexity="1">
              <lines>
                <line number="45" hits="0" branch="False" />
              </lines>
            </method>
          </methods>
          <lines>
            <line number="45" hits="0" branch="False" />
          </lines>
        </class>
        <class name="AspNetCore.Views_Airports_Index/&lt;ExecuteAsync&gt;d__9" filename="Documents\exercises-2021\Daniel\Airport-Project\Airports-Project-Final\Airports-Project-Final\Views\Airports\Index.cshtml" line-rate="0" branch-rate="0" complexity="10">
          <methods>
            <method name="MoveNext" signature="()" line-rate="0" branch-rate="0" complexity="10">
              <lines>
                <line number="4" hits="0" branch="False" />
                <line number="13" hits="0" branch="False" />
                <line number="16" hits="0" branch="False" />
                <line number="19" hits="0" branch="False" />
                <line number="22" hits="0" branch="False" />
                <line number="25" hits="0" branch="False" />
                <line number="31" hits="0" branch="True" condition-coverage="0% (0/2)">
                  <conditions>
                    <condition number="2825" type="jump" coverage="0%" />
                  </conditions>
                </line>
                <line number="34" hits="0" branch="False" />
                <line number="37" hits="0" branch="False" />
                <line number="40" hits="0" branch="False" />
                <line number="43" hits="0" branch="False" />
                <line number="46" hits="0" branch="True" condition-coverage="0% (0/2)">
                  <conditions>
                    <condition number="1579" type="jump" coverage="0%" />
                  </conditions>
                </line>
                <line number="49" hits="0" branch="True" condition-coverage="0% (0/4)">
                  <conditions>
                    <condition number="1914" type="jump" coverage="0%" />
                    <condition number="2282" type="jump" coverage="0%" />
                  </conditions>
                </line>
                <line number="50" hits="0" branch="True" condition-coverage="0% (0/2)">
                  <conditions>
                    <condition number="2620" type="jump" coverage="0%" />
                  </conditions>
                </line>
                <line number="53" hits="0" branch="False" />
              </lines>
            </method>
          </methods>
          <lines>
            <line number="4" hits="0" branch="False" />
            <line number="13" hits="0" branch="False" />
            <line number="16" hits="0" branch="False" />
            <line number="19" hits="0" branch="False" />
            <line number="22" hits="0" branch="False" />
            <line number="25" hits="0" branch="False" />
            <line number="31" hits="0" branch="True" condition-coverage="0% (0/2)">
              <conditions>
                <condition number="2825" type="jump" coverage="0%" />
              </conditions>
            </line>
            <line number="34" hits="0" branch="False" />
            <line number="37" hits="0" branch="False" />
            <line number="40" hits="0" branch="False" />
            <line number="43" hits="0" branch="False" />
            <line number="46" hits="0" branch="True" condition-coverage="0% (0/2)">
              <conditions>
                <condition number="1579" type="jump" coverage="0%" />
              </conditions>
            </line>
            <line number="49" hits="0" branch="True" condition-coverage="0% (0/4)">
              <conditions>
                <condition number="1914" type="jump" coverage="0%" />
                <condition number="2282" type="jump" coverage="0%" />
              </conditions>
            </line>
            <line number="50" hits="0" branch="True" condition-coverage="0% (0/2)">
              <conditions>
                <condition number="2620" type="jump" coverage="0%" />
              </conditions>
            </line>
            <line number="53" hits="0" branch="False" />
          </lines>
        </class>
        <class name="AspNetCore.Views_Home_Index/&lt;ExecuteAsync&gt;d__17" filename="Documents\exercises-2021\Daniel\Airport-Project\Airports-Project-Final\Airports-Project-Final\Views\Home\Index.cshtml" line-rate="0" branch-rate="0" complexity="8">
          <methods>
            <method name="MoveNext" signature="()" line-rate="0" branch-rate="0" complexity="8">
              <lines>
                <line number="2" hits="0" branch="True" condition-coverage="0% (0/8)">
                  <conditions>
                    <condition number="482" type="jump" coverage="0%" />
                    <condition number="1050" type="jump" coverage="0%" />
                    <condition number="1618" type="jump" coverage="0%" />
                    <condition number="2186" type="jump" coverage="0%" />
                  </conditions>
                </line>
              </lines>
            </method>
          </methods>
          <lines>
            <line number="2" hits="0" branch="True" condition-coverage="0% (0/8)">
              <conditions>
                <condition number="482" type="jump" coverage="0%" />
                <condition number="1050" type="jump" coverage="0%" />
                <condition number="1618" type="jump" coverage="0%" />
                <condition number="2186" type="jump" coverage="0%" />
              </conditions>
            </line>
          </lines>
        </class>
        <class name="AspNetCore.Views_Home_Privacy/&lt;ExecuteAsync&gt;d__0" filename="Documents\exercises-2021\Daniel\Airport-Project\Airports-Project-Final\Airports-Project-Final\Views\Home\Privacy.cshtml" line-rate="0" branch-rate="1" complexity="1">
          <methods>
            <method name="MoveNext" signature="()" line-rate="0" branch-rate="1" complexity="1">
              <lines>
                <line number="2" hits="0" branch="False" />
                <line number="4" hits="0" branch="False" />
              </lines>
            </method>
          </methods>
          <lines>
            <line number="2" hits="0" branch="False" />
            <line number="4" hits="0" branch="False" />
          </lines>
        </class>
        <class name="AspNetCore.Views_Shared_Error/&lt;ExecuteAsync&gt;d__0" filename="Documents\exercises-2021\Daniel\Airport-Project\Airports-Project-Final\Airports-Project-Final\Views\Shared\Error.cshtml" line-rate="0" branch-rate="0" complexity="2">
          <methods>
            <method name="MoveNext" signature="()" line-rate="0" branch-rate="0" complexity="2">
              <lines>
                <line number="3" hits="0" branch="False" />
                <line number="9" hits="0" branch="True" condition-coverage="0% (0/2)">
                  <conditions>
                    <condition number="70" type="jump" coverage="0%" />
                  </conditions>
                </line>
                <line number="10" hits="0" branch="False" />
                <line number="12" hits="0" branch="False" />
                <line number="14" hits="0" branch="False" />
              </lines>
            </method>
          </methods>
          <lines>
            <line number="3" hits="0" branch="False" />
            <line number="9" hits="0" branch="True" condition-coverage="0% (0/2)">
              <conditions>
                <condition number="70" type="jump" coverage="0%" />
              </conditions>
            </line>
            <line number="10" hits="0" branch="False" />
            <line number="12" hits="0" branch="False" />
            <line number="14" hits="0" branch="False" />
          </lines>
        </class>
        <class name="AspNetCore.Views_Shared__Layout/&lt;&lt;ExecuteAsync&gt;b__24_1&gt;d" filename="Documents\exercises-2021\Daniel\Airport-Project\Airports-Project-Final\Airports-Project-Final\Views\Shared\_Layout.cshtml" line-rate="0" branch-rate="0" complexity="14">
          <methods>
            <method name="MoveNext" signature="()" line-rate="0" branch-rate="0" complexity="14">
              <lines>
                <line number="30" hits="0" branch="True" condition-coverage="0% (0/12)">
                  <conditions>
                    <condition number="524" type="jump" coverage="0%" />
                    <condition number="1092" type="jump" coverage="0%" />
                    <condition number="1660" type="jump" coverage="0%" />
                    <condition number="2228" type="jump" coverage="0%" />
                    <condition number="2742" type="jump" coverage="0%" />
                    <condition number="3218" type="jump" coverage="0%" />
                  </conditions>
                </line>
                <line number="35" hits="0" branch="True" condition-coverage="0% (0/2)">
                  <conditions>
                    <condition number="3843" type="jump" coverage="0%" />
                  </conditions>
                </line>
                <line number="36" hits="0" branch="False" />
              </lines>
            </method>
          </methods>
          <lines>
            <line number="30" hits="0" branch="True" condition-coverage="0% (0/12)">
              <conditions>
                <condition number="524" type="jump" coverage="0%" />
                <condition number="1092" type="jump" coverage="0%" />
                <condition number="1660" type="jump" coverage="0%" />
                <condition number="2228" type="jump" coverage="0%" />
                <condition number="2742" type="jump" coverage="0%" />
                <condition number="3218" type="jump" coverage="0%" />
              </conditions>
            </line>
            <line number="35" hits="0" branch="True" condition-coverage="0% (0/2)">
              <conditions>
                <condition number="3843" type="jump" coverage="0%" />
              </conditions>
            </line>
            <line number="36" hits="0" branch="False" />
          </lines>
        </class>
        <class name="AspNetCore.Views__ViewStart/&lt;ExecuteAsync&gt;d__0" filename="Documents\exercises-2021\Daniel\Airport-Project\Airports-Project-Final\Airports-Project-Final\Views\_ViewStart.cshtml" line-rate="0" branch-rate="1" complexity="1">
          <methods>
            <method name="MoveNext" signature="()" line-rate="0" branch-rate="1" complexity="1">
              <lines>
                <line number="2" hits="0" branch="False" />
              </lines>
            </method>
          </methods>
          <lines>
            <line number="2" hits="0" branch="False" />
          </lines>
        </class>
      </classes>
    </package>
  </packages>
</coverage>