TpTrace Verbose: 0 : 15028, 1, 2022/06/10, 11:11:48.152, 6100087259975, vstest.console.dll, Version: 16.11.0
TpTrace Information: 0 : 15028, 1, 2022/06/10, 11:11:48.164, 6100087331063, vstest.console.dll, FilePatternParser: The given file C:\Users\Daniel Todorov\Documents\exercises-2021\Daniel\Airport-Project\Airports-Project-Final\Airports-Project-Final-Tests\bin\Debug\net5.0\fine-code-coverage\build-output\Airports-Project-Final-Tests.dll is a full path.
TpTrace Verbose: 0 : 15028, 1, 2022/06/10, 11:11:48.170, 6100087392820, vstest.console.dll, TestPluginCache.DiscoverTestExtensions: finding test extensions in assemblies ends with: RuntimeProvider.dll TPluginInfo: Microsoft.VisualStudio.TestPlatform.Common.ExtensionFramework.Utilities.TestRuntimePluginInformation TExtension: Microsoft.VisualStudio.TestPlatform.ObjectModel.Host.ITestRuntimeProvider
TpTrace Verbose: 0 : 15028, 1, 2022/06/10, 11:11:48.171, 6100087397953, vstest.console.dll, TestPluginCache.GetExtensionPaths: Filtered extension paths: 
TpTrace Verbose: 0 : 15028, 1, 2022/06/10, 11:11:48.171, 6100087399091, vstest.console.dll, TestPluginCache.GetExtensionPaths: Added default extension paths: C:\Program Files\dotnet\sdk\5.0.408\Extensions\Microsoft.Diagnostics.NETCore.Client.dll
C:\Program Files\dotnet\sdk\5.0.408\Extensions\Microsoft.TestPlatform.Extensions.BlameDataCollector.dll
C:\Program Files\dotnet\sdk\5.0.408\Extensions\Microsoft.TestPlatform.Extensions.EventLogCollector.dll
C:\Program Files\dotnet\sdk\5.0.408\Extensions\Microsoft.TestPlatform.TestHostRuntimeProvider.dll
C:\Program Files\dotnet\sdk\5.0.408\Extensions\Microsoft.VisualStudio.TestPlatform.Extensions.Html.TestLogger.dll
C:\Program Files\dotnet\sdk\5.0.408\Extensions\Microsoft.VisualStudio.TestPlatform.Extensions.Trx.TestLogger.dll
TpTrace Verbose: 0 : 15028, 1, 2022/06/10, 11:11:48.171, 6100087399555, vstest.console.dll, TestPluginCache.GetExtensionPaths: Added unfilterableExtensionPaths: 
TpTrace Information: 0 : 15028, 1, 2022/06/10, 11:11:48.172, 6100087407101, vstest.console.dll, AssemblyResolver.ctor: Creating AssemblyResolver with searchDirectories C:\Program Files\dotnet\sdk\5.0.408\Extensions,C:\Program Files\dotnet\sdk\5.0.408
TpTrace Verbose: 0 : 15028, 1, 2022/06/10, 11:11:48.173, 6100087415136, vstest.console.dll, TestPluginCache.DiscoverTestExtensions: Discovering the extensions using extension path.
TpTrace Verbose: 0 : 15028, 1, 2022/06/10, 11:11:48.173, 6100087416144, vstest.console.dll, TestPluginCache.GetExtensionPaths: Filtered extension paths: 
TpTrace Verbose: 0 : 15028, 1, 2022/06/10, 11:11:48.173, 6100087416647, vstest.console.dll, TestPluginCache.GetExtensionPaths: Added default extension paths: C:\Program Files\dotnet\sdk\5.0.408\Extensions\Microsoft.Diagnostics.NETCore.Client.dll
C:\Program Files\dotnet\sdk\5.0.408\Extensions\Microsoft.TestPlatform.Extensions.BlameDataCollector.dll
C:\Program Files\dotnet\sdk\5.0.408\Extensions\Microsoft.TestPlatform.Extensions.EventLogCollector.dll
C:\Program Files\dotnet\sdk\5.0.408\Extensions\Microsoft.TestPlatform.TestHostRuntimeProvider.dll
C:\Program Files\dotnet\sdk\5.0.408\Extensions\Microsoft.VisualStudio.TestPlatform.Extensions.Html.TestLogger.dll
C:\Program Files\dotnet\sdk\5.0.408\Extensions\Microsoft.VisualStudio.TestPlatform.Extensions.Trx.TestLogger.dll
TpTrace Verbose: 0 : 15028, 1, 2022/06/10, 11:11:48.173, 6100087417049, vstest.console.dll, TestPluginCache.GetExtensionPaths: Added unfilterableExtensionPaths: 
TpTrace Verbose: 0 : 15028, 1, 2022/06/10, 11:11:48.173, 6100087417762, vstest.console.dll, TestPluginCache.DiscoverTestExtensions: Discovering the extensions using allExtensionPaths: C:\Program Files\dotnet\sdk\5.0.408\Extensions\Microsoft.Diagnostics.NETCore.Client.dll
C:\Program Files\dotnet\sdk\5.0.408\Extensions\Microsoft.TestPlatform.Extensions.BlameDataCollector.dll
C:\Program Files\dotnet\sdk\5.0.408\Extensions\Microsoft.TestPlatform.Extensions.EventLogCollector.dll
C:\Program Files\dotnet\sdk\5.0.408\Extensions\Microsoft.TestPlatform.TestHostRuntimeProvider.dll
C:\Program Files\dotnet\sdk\5.0.408\Extensions\Microsoft.VisualStudio.TestPlatform.Extensions.Html.TestLogger.dll
C:\Program Files\dotnet\sdk\5.0.408\Extensions\Microsoft.VisualStudio.TestPlatform.Extensions.Trx.TestLogger.dll
TpTrace Information: 0 : 15028, 1, 2022/06/10, 11:11:48.173, 6100087419143, vstest.console.dll, AssemblyResolver.AddSearchDirectories: Adding more searchDirectories C:\Program Files\dotnet\sdk\5.0.408\Extensions,C:\Program Files\dotnet\sdk\5.0.408
TpTrace Information: 0 : 15028, 1, 2022/06/10, 11:11:48.173, 6100087419852, vstest.console.dll, AssemblyResolver.AddSearchDirectories: Adding more searchDirectories C:\Program Files\dotnet\sdk\5.0.408\Extensions,C:\Program Files\dotnet\sdk\5.0.408
TpTrace Information: 0 : 15028, 1, 2022/06/10, 11:11:48.173, 6100087420323, vstest.console.dll, AssemblyResolver.AddSearchDirectories: Adding more searchDirectories C:\Program Files\dotnet\sdk\5.0.408\Extensions,C:\Program Files\dotnet\sdk\5.0.408
TpTrace Information: 0 : 15028, 1, 2022/06/10, 11:11:48.173, 6100087420723, vstest.console.dll, AssemblyResolver.AddSearchDirectories: Adding more searchDirectories C:\Program Files\dotnet\sdk\5.0.408\Extensions,C:\Program Files\dotnet\sdk\5.0.408
TpTrace Information: 0 : 15028, 1, 2022/06/10, 11:11:48.173, 6100087421173, vstest.console.dll, AssemblyResolver.AddSearchDirectories: Adding more searchDirectories C:\Program Files\dotnet\sdk\5.0.408\Extensions,C:\Program Files\dotnet\sdk\5.0.408
TpTrace Information: 0 : 15028, 1, 2022/06/10, 11:11:48.173, 6100087421565, vstest.console.dll, AssemblyResolver.AddSearchDirectories: Adding more searchDirectories C:\Program Files\dotnet\sdk\5.0.408\Extensions,C:\Program Files\dotnet\sdk\5.0.408
TpTrace Information: 0 : 15028, 1, 2022/06/10, 11:11:48.174, 6100087424867, vstest.console.dll, AssemblyResolver.OnResolve: Microsoft.Diagnostics.NETCore.Client: Resolving assembly.
TpTrace Information: 0 : 15028, 1, 2022/06/10, 11:11:48.174, 6100087425522, vstest.console.dll, AssemblyResolver.OnResolve: Microsoft.Diagnostics.NETCore.Client: Searching in: 'C:\Program Files\dotnet\sdk\5.0.408\Extensions'.
TpTrace Information: 0 : 15028, 1, 2022/06/10, 11:11:48.174, 6100087429817, vstest.console.dll, AssemblyResolver.OnResolve: Microsoft.Diagnostics.NETCore.Client: Loading assembly 'C:\Program Files\dotnet\sdk\5.0.408\Extensions\Microsoft.Diagnostics.NETCore.Client.dll'.
TpTrace Information: 0 : 15028, 1, 2022/06/10, 11:11:48.175, 6100087434138, vstest.console.dll, AssemblyResolver.OnResolve: Resolved assembly: Microsoft.Diagnostics.NETCore.Client, from path: C:\Program Files\dotnet\sdk\5.0.408\Extensions\Microsoft.Diagnostics.NETCore.Client.dll
TpTrace Information: 0 : 15028, 1, 2022/06/10, 11:11:48.177, 6100087456975, vstest.console.dll, AssemblyResolver.OnResolve: Microsoft.Bcl.AsyncInterfaces: Resolving assembly.
TpTrace Information: 0 : 15028, 1, 2022/06/10, 11:11:48.177, 6100087457565, vstest.console.dll, AssemblyResolver.OnResolve: Microsoft.Bcl.AsyncInterfaces: Searching in: 'C:\Program Files\dotnet\sdk\5.0.408\Extensions'.
TpTrace Information: 0 : 15028, 1, 2022/06/10, 11:11:48.177, 6100087458402, vstest.console.dll, AssemblyResolver.OnResolve: Microsoft.Bcl.AsyncInterfaces: Assembly path does not exist: 'C:\Program Files\dotnet\sdk\5.0.408\Extensions\Microsoft.Bcl.AsyncInterfaces.dll', returning.
TpTrace Information: 0 : 15028, 1, 2022/06/10, 11:11:48.177, 6100087459138, vstest.console.dll, AssemblyResolver.OnResolve: Microsoft.Bcl.AsyncInterfaces: Assembly path does not exist: 'C:\Program Files\dotnet\sdk\5.0.408\Extensions\Microsoft.Bcl.AsyncInterfaces.exe', returning.
TpTrace Information: 0 : 15028, 1, 2022/06/10, 11:11:48.177, 6100087459543, vstest.console.dll, AssemblyResolver.OnResolve: Microsoft.Bcl.AsyncInterfaces: Searching in: 'C:\Program Files\dotnet\sdk\5.0.408'.
TpTrace Information: 0 : 15028, 1, 2022/06/10, 11:11:48.177, 6100087460333, vstest.console.dll, AssemblyResolver.OnResolve: Microsoft.Bcl.AsyncInterfaces: Assembly path does not exist: 'C:\Program Files\dotnet\sdk\5.0.408\Microsoft.Bcl.AsyncInterfaces.dll', returning.
TpTrace Information: 0 : 15028, 1, 2022/06/10, 11:11:48.177, 6100087461411, vstest.console.dll, AssemblyResolver.OnResolve: Microsoft.Bcl.AsyncInterfaces: Assembly path does not exist: 'C:\Program Files\dotnet\sdk\5.0.408\Microsoft.Bcl.AsyncInterfaces.exe', returning.
TpTrace Information: 0 : 15028, 1, 2022/06/10, 11:11:48.177, 6100087461822, vstest.console.dll, AssemblyResolver.OnResolve: Microsoft.Bcl.AsyncInterfaces: Failed to load assembly.
TpTrace Verbose: 0 : 15028, 1, 2022/06/10, 11:11:48.177, 6100087462265, vstest.console.dll, CurrentDomainAssemblyResolve: Resolving assembly 'Microsoft.Bcl.AsyncInterfaces'.
TpTrace Information: 0 : 15028, 1, 2022/06/10, 11:11:48.177, 6100087462935, vstest.console.dll, AssemblyResolver.OnResolve: Microsoft.Bcl.AsyncInterfaces: Resolving assembly.
TpTrace Information: 0 : 15028, 1, 2022/06/10, 11:11:48.177, 6100087463370, vstest.console.dll, AssemblyResolver.OnResolve: Microsoft.Bcl.AsyncInterfaces: Resolved from cache.
TpTrace Verbose: 0 : 15028, 1, 2022/06/10, 11:11:48.178, 6100087463770, vstest.console.dll, CurrentDomainAssemblyResolve: Resolving assembly 'Microsoft.Bcl.AsyncInterfaces'.
TpTrace Verbose: 0 : 15028, 1, 2022/06/10, 11:11:48.178, 6100087464182, vstest.console.dll, CurrentDomainAssemblyResolve: Failed to resolve assembly 'Microsoft.Bcl.AsyncInterfaces'.
TpTrace Verbose: 0 : 15028, 1, 2022/06/10, 11:11:48.179, 6100087475715, vstest.console.dll, CurrentDomainAssemblyResolve: Failed to resolve assembly 'Microsoft.Bcl.AsyncInterfaces'.
TpTrace Warning: 0 : 15028, 1, 2022/06/10, 11:11:48.190, 6100087593291, vstest.console.dll, TestPluginDiscoverer: Failed to get types from assembly 'Microsoft.Diagnostics.NETCore.Client, Version=0.2.2.41902, Culture=neutral, PublicKeyToken=31bf3856ad364e35'.  Skipping test extension scan for this assembly.  Error: System.Reflection.ReflectionTypeLoadException: Unable to load one or more of the requested types.
Could not load file or assembly 'Microsoft.Bcl.AsyncInterfaces, Version=1.0.0.0, Culture=neutral, PublicKeyToken=cc7b13ffcd2ddd51'. The system cannot find the file specified.
   at System.Reflection.RuntimeModule.GetTypes(RuntimeModule module)
   at System.Reflection.RuntimeModule.GetTypes()
   at System.Reflection.Assembly.GetTypes()
   at Microsoft.VisualStudio.TestPlatform.Common.ExtensionFramework.TestPluginDiscoverer.GetTestExtensionsFromAssembly[TPluginInfo,TExtension](Assembly assembly, Dictionary`2 pluginInfos)
System.IO.FileNotFoundException: Could not load file or assembly 'Microsoft.Bcl.AsyncInterfaces, Version=1.0.0.0, Culture=neutral, PublicKeyToken=cc7b13ffcd2ddd51'. The system cannot find the file specified.
File name: 'Microsoft.Bcl.AsyncInterfaces, Version=1.0.0.0, Culture=neutral, PublicKeyToken=cc7b13ffcd2ddd51'
TpTrace Warning: 0 : 15028, 1, 2022/06/10, 11:11:48.191, 6100087594306, vstest.console.dll, LoaderExceptions: System.IO.FileNotFoundException: Could not load file or assembly 'Microsoft.Bcl.AsyncInterfaces, Version=1.0.0.0, Culture=neutral, PublicKeyToken=cc7b13ffcd2ddd51'. The system cannot find the file specified.
File name: 'Microsoft.Bcl.AsyncInterfaces, Version=1.0.0.0, Culture=neutral, PublicKeyToken=cc7b13ffcd2ddd51'
TpTrace Information: 0 : 15028, 1, 2022/06/10, 11:11:48.191, 6100087596124, vstest.console.dll, AssemblyResolver.OnResolve: Microsoft.TestPlatform.Extensions.BlameDataCollector: Resolving assembly.
TpTrace Information: 0 : 15028, 1, 2022/06/10, 11:11:48.191, 6100087596605, vstest.console.dll, AssemblyResolver.OnResolve: Microsoft.TestPlatform.Extensions.BlameDataCollector: Searching in: 'C:\Program Files\dotnet\sdk\5.0.408\Extensions'.
TpTrace Information: 0 : 15028, 1, 2022/06/10, 11:11:48.191, 6100087599108, vstest.console.dll, AssemblyResolver.OnResolve: Microsoft.TestPlatform.Extensions.BlameDataCollector: Loading assembly 'C:\Program Files\dotnet\sdk\5.0.408\Extensions\Microsoft.TestPlatform.Extensions.BlameDataCollector.dll'.
TpTrace Information: 0 : 15028, 1, 2022/06/10, 11:11:48.191, 6100087602856, vstest.console.dll, AssemblyResolver.OnResolve: Resolved assembly: Microsoft.TestPlatform.Extensions.BlameDataCollector, from path: C:\Program Files\dotnet\sdk\5.0.408\Extensions\Microsoft.TestPlatform.Extensions.BlameDataCollector.dll
TpTrace Information: 0 : 15028, 1, 2022/06/10, 11:11:48.192, 6100087607873, vstest.console.dll, AssemblyResolver.OnResolve: Microsoft.TestPlatform.Extensions.EventLogCollector: Resolving assembly.
TpTrace Information: 0 : 15028, 1, 2022/06/10, 11:11:48.192, 6100087608448, vstest.console.dll, AssemblyResolver.OnResolve: Microsoft.TestPlatform.Extensions.EventLogCollector: Searching in: 'C:\Program Files\dotnet\sdk\5.0.408\Extensions'.
TpTrace Information: 0 : 15028, 1, 2022/06/10, 11:11:48.192, 6100087610590, vstest.console.dll, AssemblyResolver.OnResolve: Microsoft.TestPlatform.Extensions.EventLogCollector: Loading assembly 'C:\Program Files\dotnet\sdk\5.0.408\Extensions\Microsoft.TestPlatform.Extensions.EventLogCollector.dll'.
TpTrace Information: 0 : 15028, 1, 2022/06/10, 11:11:48.192, 6100087613525, vstest.console.dll, AssemblyResolver.OnResolve: Resolved assembly: Microsoft.TestPlatform.Extensions.EventLogCollector, from path: C:\Program Files\dotnet\sdk\5.0.408\Extensions\Microsoft.TestPlatform.Extensions.EventLogCollector.dll
TpTrace Information: 0 : 15028, 1, 2022/06/10, 11:11:48.194, 6100087625633, vstest.console.dll, AssemblyResolver.OnResolve: Microsoft.TestPlatform.TestHostRuntimeProvider: Resolving assembly.
TpTrace Information: 0 : 15028, 1, 2022/06/10, 11:11:48.194, 6100087626171, vstest.console.dll, AssemblyResolver.OnResolve: Microsoft.TestPlatform.TestHostRuntimeProvider: Searching in: 'C:\Program Files\dotnet\sdk\5.0.408\Extensions'.
TpTrace Information: 0 : 15028, 1, 2022/06/10, 11:11:48.194, 6100087628251, vstest.console.dll, AssemblyResolver.OnResolve: Microsoft.TestPlatform.TestHostRuntimeProvider: Loading assembly 'C:\Program Files\dotnet\sdk\5.0.408\Extensions\Microsoft.TestPlatform.TestHostRuntimeProvider.dll'.
TpTrace Information: 0 : 15028, 1, 2022/06/10, 11:11:48.194, 6100087631303, vstest.console.dll, AssemblyResolver.OnResolve: Resolved assembly: Microsoft.TestPlatform.TestHostRuntimeProvider, from path: C:\Program Files\dotnet\sdk\5.0.408\Extensions\Microsoft.TestPlatform.TestHostRuntimeProvider.dll
TpTrace Information: 0 : 15028, 1, 2022/06/10, 11:11:48.195, 6100087641110, vstest.console.dll, AssemblyResolver.OnResolve: Microsoft.VisualStudio.TestPlatform.Extensions.Html.TestLogger: Resolving assembly.
TpTrace Information: 0 : 15028, 1, 2022/06/10, 11:11:48.195, 6100087641642, vstest.console.dll, AssemblyResolver.OnResolve: Microsoft.VisualStudio.TestPlatform.Extensions.Html.TestLogger: Searching in: 'C:\Program Files\dotnet\sdk\5.0.408\Extensions'.
TpTrace Information: 0 : 15028, 1, 2022/06/10, 11:11:48.196, 6100087643995, vstest.console.dll, AssemblyResolver.OnResolve: Microsoft.VisualStudio.TestPlatform.Extensions.Html.TestLogger: Loading assembly 'C:\Program Files\dotnet\sdk\5.0.408\Extensions\Microsoft.VisualStudio.TestPlatform.Extensions.Html.TestLogger.dll'.
TpTrace Information: 0 : 15028, 1, 2022/06/10, 11:11:48.196, 6100087647419, vstest.console.dll, AssemblyResolver.OnResolve: Resolved assembly: Microsoft.VisualStudio.TestPlatform.Extensions.Html.TestLogger, from path: C:\Program Files\dotnet\sdk\5.0.408\Extensions\Microsoft.VisualStudio.TestPlatform.Extensions.Html.TestLogger.dll
TpTrace Information: 0 : 15028, 1, 2022/06/10, 11:11:48.196, 6100087649868, vstest.console.dll, AssemblyResolver.OnResolve: Microsoft.VisualStudio.TestPlatform.Extensions.Trx.TestLogger: Resolving assembly.
TpTrace Information: 0 : 15028, 1, 2022/06/10, 11:11:48.196, 6100087650358, vstest.console.dll, AssemblyResolver.OnResolve: Microsoft.VisualStudio.TestPlatform.Extensions.Trx.TestLogger: Searching in: 'C:\Program Files\dotnet\sdk\5.0.408\Extensions'.
TpTrace Information: 0 : 15028, 1, 2022/06/10, 11:11:48.196, 6100087652576, vstest.console.dll, AssemblyResolver.OnResolve: Microsoft.VisualStudio.TestPlatform.Extensions.Trx.TestLogger: Loading assembly 'C:\Program Files\dotnet\sdk\5.0.408\Extensions\Microsoft.VisualStudio.TestPlatform.Extensions.Trx.TestLogger.dll'.
TpTrace Information: 0 : 15028, 1, 2022/06/10, 11:11:48.197, 6100087656462, vstest.console.dll, AssemblyResolver.OnResolve: Resolved assembly: Microsoft.VisualStudio.TestPlatform.Extensions.Trx.TestLogger, from path: C:\Program Files\dotnet\sdk\5.0.408\Extensions\Microsoft.VisualStudio.TestPlatform.Extensions.Trx.TestLogger.dll
TpTrace Verbose: 0 : 15028, 1, 2022/06/10, 11:11:48.197, 6100087660912, vstest.console.dll, TestPluginCache: Discovered the extensions using extension path ''.
TpTrace Verbose: 0 : 15028, 1, 2022/06/10, 11:11:48.197, 6100087661421, vstest.console.dll, TestPluginCache: Discoverers are ''.
TpTrace Verbose: 0 : 15028, 1, 2022/06/10, 11:11:48.197, 6100087661778, vstest.console.dll, TestPluginCache: Executors are ''.
TpTrace Verbose: 0 : 15028, 1, 2022/06/10, 11:11:48.197, 6100087662108, vstest.console.dll, TestPluginCache: Executors2 are ''.
TpTrace Verbose: 0 : 15028, 1, 2022/06/10, 11:11:48.197, 6100087662434, vstest.console.dll, TestPluginCache: Setting providers are ''.
TpTrace Verbose: 0 : 15028, 1, 2022/06/10, 11:11:48.197, 6100087662758, vstest.console.dll, TestPluginCache: Loggers are ''.
TpTrace Information: 0 : 15028, 1, 2022/06/10, 11:11:48.202, 6100087704904, vstest.console.dll, RunTestsArgumentProcessor:Execute: Test run is starting.
TpTrace Verbose: 0 : 15028, 1, 2022/06/10, 11:11:48.202, 6100087705612, vstest.console.dll, RunTestsArgumentProcessor:Execute: Queuing Test run.
TpTrace Information: 0 : 15028, 1, 2022/06/10, 11:11:48.202, 6100087707309, vstest.console.dll, TestRequestManager.RunTests: run tests started.
TpTrace Information: 0 : 15028, 1, 2022/06/10, 11:11:48.220, 6100087887360, vstest.console.dll, AssemblyMetadataProvider.GetFrameWork: Determined framework:'.NETCoreApp,Version=v5.0' for source: 'C:\Users\Daniel Todorov\Documents\exercises-2021\Daniel\Airport-Project\Airports-Project-Final\Airports-Project-Final-Tests\bin\Debug\net5.0\fine-code-coverage\build-output\Airports-Project-Final-Tests.dll'
TpTrace Information: 0 : 15028, 1, 2022/06/10, 11:11:48.220, 6100087889354, vstest.console.dll, Determined framework for all sources: .NETCoreApp,Version=v5.0
TpTrace Information: 0 : 15028, 1, 2022/06/10, 11:11:48.221, 6100087893697, vstest.console.dll, AssemblyMetadataProvider.GetArchitecture: Determined architecture:AnyCPU info for assembly: C:\Users\Daniel Todorov\Documents\exercises-2021\Daniel\Airport-Project\Airports-Project-Final\Airports-Project-Final-Tests\bin\Debug\net5.0\fine-code-coverage\build-output\Airports-Project-Final-Tests.dll
TpTrace Information: 0 : 15028, 1, 2022/06/10, 11:11:48.223, 6100087918174, vstest.console.dll, Determined platform for all sources: X64
TpTrace Information: 0 : 15028, 1, 2022/06/10, 11:11:48.226, 6100087944250, vstest.console.dll, Compatible sources list : 
TpTrace Information: 0 : 15028, 1, 2022/06/10, 11:11:48.226, 6100087945087, vstest.console.dll, C:\Users\Daniel Todorov\Documents\exercises-2021\Daniel\Airport-Project\Airports-Project-Final\Airports-Project-Final-Tests\bin\Debug\net5.0\fine-code-coverage\build-output\Airports-Project-Final-Tests.dll
TpTrace Information: 0 : 15028, 1, 2022/06/10, 11:11:48.228, 6100087964268, vstest.console.dll, InferRunSettingsHelper.IsTestSettingsEnabled: Unable to navigate to RunSettings/MSTest. Current node: RunSettings
TpTrace Information: 0 : 15028, 1, 2022/06/10, 11:11:48.228, 6100087970136, vstest.console.dll, AssemblyResolver.OnResolve: Microsoft.VisualStudio.TestPlatform.Fakes: Resolving assembly.
TpTrace Information: 0 : 15028, 1, 2022/06/10, 11:11:48.228, 6100087970732, vstest.console.dll, AssemblyResolver.OnResolve: Microsoft.VisualStudio.TestPlatform.Fakes: Searching in: 'C:\Program Files\dotnet\sdk\5.0.408\Extensions'.
TpTrace Information: 0 : 15028, 1, 2022/06/10, 11:11:48.228, 6100087972025, vstest.console.dll, AssemblyResolver.OnResolve: Microsoft.VisualStudio.TestPlatform.Fakes: Assembly path does not exist: 'C:\Program Files\dotnet\sdk\5.0.408\Extensions\Microsoft.VisualStudio.TestPlatform.Fakes.dll', returning.
TpTrace Information: 0 : 15028, 1, 2022/06/10, 11:11:48.228, 6100087972843, vstest.console.dll, AssemblyResolver.OnResolve: Microsoft.VisualStudio.TestPlatform.Fakes: Assembly path does not exist: 'C:\Program Files\dotnet\sdk\5.0.408\Extensions\Microsoft.VisualStudio.TestPlatform.Fakes.exe', returning.
TpTrace Information: 0 : 15028, 1, 2022/06/10, 11:11:48.228, 6100087973265, vstest.console.dll, AssemblyResolver.OnResolve: Microsoft.VisualStudio.TestPlatform.Fakes: Searching in: 'C:\Program Files\dotnet\sdk\5.0.408'.
TpTrace Information: 0 : 15028, 1, 2022/06/10, 11:11:48.229, 6100087974037, vstest.console.dll, AssemblyResolver.OnResolve: Microsoft.VisualStudio.TestPlatform.Fakes: Assembly path does not exist: 'C:\Program Files\dotnet\sdk\5.0.408\Microsoft.VisualStudio.TestPlatform.Fakes.dll', returning.
TpTrace Information: 0 : 15028, 1, 2022/06/10, 11:11:48.229, 6100087974811, vstest.console.dll, AssemblyResolver.OnResolve: Microsoft.VisualStudio.TestPlatform.Fakes: Assembly path does not exist: 'C:\Program Files\dotnet\sdk\5.0.408\Microsoft.VisualStudio.TestPlatform.Fakes.exe', returning.
TpTrace Information: 0 : 15028, 1, 2022/06/10, 11:11:48.229, 6100087975192, vstest.console.dll, AssemblyResolver.OnResolve: Microsoft.VisualStudio.TestPlatform.Fakes: Failed to load assembly.
TpTrace Information: 0 : 15028, 1, 2022/06/10, 11:11:48.229, 6100087978581, vstest.console.dll, Failed to create newly implemented Fakes Configurator. Reason:System.IO.FileNotFoundException: Could not load file or assembly 'Microsoft.VisualStudio.TestPlatform.Fakes, Version=16.0.0.0, Culture=neutral, PublicKeyToken=null'. The system cannot find the file specified.
File name: 'Microsoft.VisualStudio.TestPlatform.Fakes, Version=16.0.0.0, Culture=neutral, PublicKeyToken=null'
   at System.Reflection.RuntimeAssembly.InternalLoad(ObjectHandleOnStack assemblyName, ObjectHandleOnStack requestingAssembly, StackCrawlMarkHandle stackMark, Boolean throwOnFileNotFound, ObjectHandleOnStack assemblyLoadContext, ObjectHandleOnStack retAssembly)
   at System.Reflection.RuntimeAssembly.InternalLoad(AssemblyName assemblyName, RuntimeAssembly requestingAssembly, StackCrawlMark& stackMark, Boolean throwOnFileNotFound, AssemblyLoadContext assemblyLoadContext)
   at System.Reflection.Assembly.Load(AssemblyName assemblyRef)
   at Microsoft.VisualStudio.TestPlatform.Common.Utilities.FakesUtilities.TryGetFakesCrossPlatformDataCollectorConfigurator() 
TpTrace Verbose: 0 : 15028, 1, 2022/06/10, 11:11:48.232, 6100088013175, vstest.console.dll, TestPluginCache.DiscoverTestExtensions: finding test extensions in assemblies ends with: TestLogger.dll TPluginInfo: Microsoft.VisualStudio.TestPlatform.Common.ExtensionFramework.Utilities.TestLoggerPluginInformation TExtension: Microsoft.VisualStudio.TestPlatform.ObjectModel.Client.ITestLogger
TpTrace Verbose: 0 : 15028, 1, 2022/06/10, 11:11:48.233, 6100088013894, vstest.console.dll, TestPluginCache.GetExtensionPaths: Filtered extension paths: 
TpTrace Verbose: 0 : 15028, 1, 2022/06/10, 11:11:48.233, 6100088014315, vstest.console.dll, TestPluginCache.GetExtensionPaths: Added default extension paths: C:\Program Files\dotnet\sdk\5.0.408\Extensions\Microsoft.Diagnostics.NETCore.Client.dll
C:\Program Files\dotnet\sdk\5.0.408\Extensions\Microsoft.TestPlatform.Extensions.BlameDataCollector.dll
C:\Program Files\dotnet\sdk\5.0.408\Extensions\Microsoft.TestPlatform.Extensions.EventLogCollector.dll
C:\Program Files\dotnet\sdk\5.0.408\Extensions\Microsoft.TestPlatform.TestHostRuntimeProvider.dll
C:\Program Files\dotnet\sdk\5.0.408\Extensions\Microsoft.VisualStudio.TestPlatform.Extensions.Html.TestLogger.dll
C:\Program Files\dotnet\sdk\5.0.408\Extensions\Microsoft.VisualStudio.TestPlatform.Extensions.Trx.TestLogger.dll
TpTrace Verbose: 0 : 15028, 1, 2022/06/10, 11:11:48.233, 6100088014761, vstest.console.dll, TestPluginCache.GetExtensionPaths: Added unfilterableExtensionPaths: 
TpTrace Information: 0 : 15028, 1, 2022/06/10, 11:11:48.233, 6100088016065, vstest.console.dll, AssemblyResolver.AddSearchDirectories: Adding more searchDirectories C:\Program Files\dotnet\sdk\5.0.408\Extensions,C:\Program Files\dotnet\sdk\5.0.408
TpTrace Verbose: 0 : 15028, 1, 2022/06/10, 11:11:48.233, 6100088016562, vstest.console.dll, TestPluginCache.DiscoverTestExtensions: Discovering the extensions using extension path.
TpTrace Verbose: 0 : 15028, 1, 2022/06/10, 11:11:48.233, 6100088017001, vstest.console.dll, TestPluginCache.GetExtensionPaths: Filtered extension paths: 
TpTrace Verbose: 0 : 15028, 1, 2022/06/10, 11:11:48.233, 6100088017364, vstest.console.dll, TestPluginCache.GetExtensionPaths: Added default extension paths: C:\Program Files\dotnet\sdk\5.0.408\Extensions\Microsoft.Diagnostics.NETCore.Client.dll
C:\Program Files\dotnet\sdk\5.0.408\Extensions\Microsoft.TestPlatform.Extensions.BlameDataCollector.dll
C:\Program Files\dotnet\sdk\5.0.408\Extensions\Microsoft.TestPlatform.Extensions.EventLogCollector.dll
C:\Program Files\dotnet\sdk\5.0.408\Extensions\Microsoft.TestPlatform.TestHostRuntimeProvider.dll
C:\Program Files\dotnet\sdk\5.0.408\Extensions\Microsoft.VisualStudio.TestPlatform.Extensions.Html.TestLogger.dll
C:\Program Files\dotnet\sdk\5.0.408\Extensions\Microsoft.VisualStudio.TestPlatform.Extensions.Trx.TestLogger.dll
TpTrace Verbose: 0 : 15028, 1, 2022/06/10, 11:11:48.233, 6100088017782, vstest.console.dll, TestPluginCache.GetExtensionPaths: Added unfilterableExtensionPaths: 
TpTrace Verbose: 0 : 15028, 1, 2022/06/10, 11:11:48.233, 6100088018220, vstest.console.dll, TestPluginCache.DiscoverTestExtensions: Discovering the extensions using allExtensionPaths: C:\Program Files\dotnet\sdk\5.0.408\Extensions\Microsoft.Diagnostics.NETCore.Client.dll
C:\Program Files\dotnet\sdk\5.0.408\Extensions\Microsoft.TestPlatform.Extensions.BlameDataCollector.dll
C:\Program Files\dotnet\sdk\5.0.408\Extensions\Microsoft.TestPlatform.Extensions.EventLogCollector.dll
C:\Program Files\dotnet\sdk\5.0.408\Extensions\Microsoft.TestPlatform.TestHostRuntimeProvider.dll
C:\Program Files\dotnet\sdk\5.0.408\Extensions\Microsoft.VisualStudio.TestPlatform.Extensions.Html.TestLogger.dll
C:\Program Files\dotnet\sdk\5.0.408\Extensions\Microsoft.VisualStudio.TestPlatform.Extensions.Trx.TestLogger.dll
TpTrace Information: 0 : 15028, 1, 2022/06/10, 11:11:48.233, 6100088018792, vstest.console.dll, AssemblyResolver.AddSearchDirectories: Adding more searchDirectories C:\Program Files\dotnet\sdk\5.0.408\Extensions,C:\Program Files\dotnet\sdk\5.0.408
TpTrace Information: 0 : 15028, 1, 2022/06/10, 11:11:48.233, 6100088019207, vstest.console.dll, AssemblyResolver.AddSearchDirectories: Adding more searchDirectories C:\Program Files\dotnet\sdk\5.0.408\Extensions,C:\Program Files\dotnet\sdk\5.0.408
TpTrace Information: 0 : 15028, 1, 2022/06/10, 11:11:48.233, 6100088019588, vstest.console.dll, AssemblyResolver.AddSearchDirectories: Adding more searchDirectories C:\Program Files\dotnet\sdk\5.0.408\Extensions,C:\Program Files\dotnet\sdk\5.0.408
TpTrace Information: 0 : 15028, 1, 2022/06/10, 11:11:48.233, 6100088019966, vstest.console.dll, AssemblyResolver.AddSearchDirectories: Adding more searchDirectories C:\Program Files\dotnet\sdk\5.0.408\Extensions,C:\Program Files\dotnet\sdk\5.0.408
TpTrace Information: 0 : 15028, 1, 2022/06/10, 11:11:48.233, 6100088020390, vstest.console.dll, AssemblyResolver.AddSearchDirectories: Adding more searchDirectories C:\Program Files\dotnet\sdk\5.0.408\Extensions,C:\Program Files\dotnet\sdk\5.0.408
TpTrace Information: 0 : 15028, 1, 2022/06/10, 11:11:48.233, 6100088020767, vstest.console.dll, AssemblyResolver.AddSearchDirectories: Adding more searchDirectories C:\Program Files\dotnet\sdk\5.0.408\Extensions,C:\Program Files\dotnet\sdk\5.0.408
TpTrace Information: 0 : 15028, 1, 2022/06/10, 11:11:48.233, 6100088023031, vstest.console.dll, AssemblyResolver.OnResolve: Microsoft.Bcl.AsyncInterfaces: Resolving assembly.
TpTrace Information: 0 : 15028, 1, 2022/06/10, 11:11:48.233, 6100088023504, vstest.console.dll, AssemblyResolver.OnResolve: Microsoft.Bcl.AsyncInterfaces: Resolved from cache.
TpTrace Verbose: 0 : 15028, 1, 2022/06/10, 11:11:48.234, 6100088023900, vstest.console.dll, CurrentDomainAssemblyResolve: Resolving assembly 'Microsoft.Bcl.AsyncInterfaces'.
TpTrace Information: 0 : 15028, 1, 2022/06/10, 11:11:48.234, 6100088024494, vstest.console.dll, AssemblyResolver.OnResolve: Microsoft.Bcl.AsyncInterfaces: Resolving assembly.
TpTrace Information: 0 : 15028, 1, 2022/06/10, 11:11:48.234, 6100088024883, vstest.console.dll, AssemblyResolver.OnResolve: Microsoft.Bcl.AsyncInterfaces: Resolved from cache.
TpTrace Verbose: 0 : 15028, 1, 2022/06/10, 11:11:48.234, 6100088025270, vstest.console.dll, CurrentDomainAssemblyResolve: Resolving assembly 'Microsoft.Bcl.AsyncInterfaces'.
TpTrace Verbose: 0 : 15028, 1, 2022/06/10, 11:11:48.234, 6100088025609, vstest.console.dll, CurrentDomainAssemblyResolve: Failed to resolve assembly 'Microsoft.Bcl.AsyncInterfaces'.
TpTrace Verbose: 0 : 15028, 1, 2022/06/10, 11:11:48.234, 6100088026920, vstest.console.dll, CurrentDomainAssemblyResolve: Failed to resolve assembly 'Microsoft.Bcl.AsyncInterfaces'.
TpTrace Warning: 0 : 15028, 1, 2022/06/10, 11:11:48.234, 6100088029361, vstest.console.dll, TestPluginDiscoverer: Failed to get types from assembly 'Microsoft.Diagnostics.NETCore.Client, Version=0.2.2.41902, Culture=neutral, PublicKeyToken=31bf3856ad364e35'.  Skipping test extension scan for this assembly.  Error: System.Reflection.ReflectionTypeLoadException: Unable to load one or more of the requested types.
Could not load file or assembly 'Microsoft.Bcl.AsyncInterfaces, Version=1.0.0.0, Culture=neutral, PublicKeyToken=cc7b13ffcd2ddd51'. The system cannot find the file specified.
   at System.Reflection.RuntimeModule.GetTypes(RuntimeModule module)
   at System.Reflection.RuntimeModule.GetTypes()
   at System.Reflection.Assembly.GetTypes()
   at Microsoft.VisualStudio.TestPlatform.Common.ExtensionFramework.TestPluginDiscoverer.GetTestExtensionsFromAssembly[TPluginInfo,TExtension](Assembly assembly, Dictionary`2 pluginInfos)
System.IO.FileNotFoundException: Could not load file or assembly 'Microsoft.Bcl.AsyncInterfaces, Version=1.0.0.0, Culture=neutral, PublicKeyToken=cc7b13ffcd2ddd51'. The system cannot find the file specified.
File name: 'Microsoft.Bcl.AsyncInterfaces, Version=1.0.0.0, Culture=neutral, PublicKeyToken=cc7b13ffcd2ddd51'
TpTrace Warning: 0 : 15028, 1, 2022/06/10, 11:11:48.234, 6100088029888, vstest.console.dll, LoaderExceptions: System.IO.FileNotFoundException: Could not load file or assembly 'Microsoft.Bcl.AsyncInterfaces, Version=1.0.0.0, Culture=neutral, PublicKeyToken=cc7b13ffcd2ddd51'. The system cannot find the file specified.
File name: 'Microsoft.Bcl.AsyncInterfaces, Version=1.0.0.0, Culture=neutral, PublicKeyToken=cc7b13ffcd2ddd51'
TpTrace Verbose: 0 : 15028, 1, 2022/06/10, 11:11:48.235, 6100088033569, vstest.console.dll, TestPluginCache: Discovered the extensions using extension path ''.
TpTrace Verbose: 0 : 15028, 1, 2022/06/10, 11:11:48.235, 6100088033983, vstest.console.dll, TestPluginCache: Discoverers are ''.
TpTrace Verbose: 0 : 15028, 1, 2022/06/10, 11:11:48.235, 6100088034313, vstest.console.dll, TestPluginCache: Executors are ''.
TpTrace Verbose: 0 : 15028, 1, 2022/06/10, 11:11:48.235, 6100088034684, vstest.console.dll, TestPluginCache: Executors2 are ''.
TpTrace Verbose: 0 : 15028, 1, 2022/06/10, 11:11:48.235, 6100088035002, vstest.console.dll, TestPluginCache: Setting providers are ''.
TpTrace Verbose: 0 : 15028, 1, 2022/06/10, 11:11:48.235, 6100088035664, vstest.console.dll, TestPluginCache: Loggers are 'logger://Microsoft/TestPlatform/Extensions/Blame/v1,logger://Microsoft/TestPlatform/HtmlLogger/v1,logger://Microsoft/TestPlatform/TrxLogger/v1'.
TpTrace Information: 0 : 15028, 1, 2022/06/10, 11:11:48.235, 6100088041277, vstest.console.dll, TestPluginManager.CreateTestExtension: Attempting to load test extension: Microsoft.TestPlatform.Extensions.BlameDataCollector.BlameLogger
TpTrace Information: 0 : 15028, 1, 2022/06/10, 11:11:48.243, 6100088122620, vstest.console.dll, TestPluginManager.CreateTestExtension: Attempting to load test extension: Microsoft.VisualStudio.TestPlatform.CrossPlatEngine.Hosting.DefaultTestHostManager
TpTrace Information: 0 : 15028, 1, 2022/06/10, 11:11:48.244, 6100088125438, vstest.console.dll, TestPluginManager.CreateTestExtension: Attempting to load test extension: Microsoft.VisualStudio.TestPlatform.CrossPlatEngine.Hosting.DotnetTestHostManager
TpTrace Verbose: 0 : 15028, 1, 2022/06/10, 11:11:48.244, 6100088130065, vstest.console.dll, TestEngine: Initializing Parallel Execution as MaxCpuCount is set to: 1
TpTrace Information: 0 : 15028, 1, 2022/06/10, 11:11:48.245, 6100088134342, vstest.console.dll, InferRunSettingsHelper.IsTestSettingsEnabled: Unable to navigate to RunSettings/MSTest. Current node: RunSettings
TpTrace Verbose: 0 : 15028, 1, 2022/06/10, 11:11:48.254, 6100088230996, vstest.console.dll, TestRequestSender is acting as server
TpTrace Verbose: 0 : 15028, 4, 2022/06/10, 11:11:48.257, 6100088259058, vstest.console.dll, DataCollectionRequestSender.InitializeCommunication : Initialize communication. 
TpTrace Information: 0 : 15028, 4, 2022/06/10, 11:11:48.266, 6100088348779, vstest.console.dll, Listening on Endpoint : 127.0.0.1:65518
TpTrace Verbose: 0 : 15028, 4, 2022/06/10, 11:11:48.276, 6100088443653, vstest.console.dll, DotnetDataCollectionLauncher: Full path of dotnet.exe is C:\Program Files\dotnet\dotnet.exe
TpTrace Verbose: 0 : 15028, 4, 2022/06/10, 11:11:48.276, 6100088444970, vstest.console.dll, DotnetDataCollectionLauncher: Adding  --runtimeconfig "C:\Program Files\dotnet\sdk\5.0.408\datacollector.runtimeconfig.json" in args
TpTrace Verbose: 0 : 15028, 4, 2022/06/10, 11:11:48.276, 6100088445890, vstest.console.dll, DotnetDataCollectionLauncher: Adding  --depsfile "C:\Program Files\dotnet\sdk\5.0.408\datacollector.deps.json" in args
TpTrace Information: 0 : 15028, 4, 2022/06/10, 11:11:48.283, 6100088518361, vstest.console.dll, ProxyDataCollectionManager.Initialize: Launched datacollector processId: 16800 port: 65518
TpTrace Information: 0 : 15028, 4, 2022/06/10, 11:11:48.283, 6100088519986, vstest.console.dll, ProxyDataCollectionManager.Initialize: waiting for connection with timeout: 90 seconds
TpTrace Verbose: 0 : 15028, 4, 2022/06/10, 11:11:48.283, 6100088520587, vstest.console.dll, DataCollectionRequestSender.WaitForRequestHandlerConnection : Waiting for connection with timeout: 90000
TpTrace Information: 0 : 15028, 7, 2022/06/10, 11:11:48.433, 6100090017234, vstest.console.dll, Using the buffer size of 16384 bytes
TpTrace Verbose: 0 : 15028, 4, 2022/06/10, 11:11:48.433, 6100090017991, vstest.console.dll, ProxyDataCollectionManager.InvokeDataCollectionServiceAction: Starting.
TpTrace Information: 0 : 15028, 7, 2022/06/10, 11:11:48.433, 6100090018154, vstest.console.dll, Accepted Client request and set the flag
TpTrace Information: 0 : 15028, 4, 2022/06/10, 11:11:48.433, 6100090019295, vstest.console.dll, ProxyDataCollectionManager.BeforeTestRunStart: Get environment variable and port for datacollector processId: 16800 port: 65518
TpTrace Verbose: 0 : 15028, 4, 2022/06/10, 11:11:48.433, 6100090021172, vstest.console.dll, DataCollectionRequestSender.SendBeforeTestRunStartAndGetResult : Send BeforeTestRunStart message with settingsXml <RunSettings><RunConfiguration><ResultsDirectory>C:\Users\Daniel Todorov\Documents\exercises-2021\Daniel\Airport-Project\Airports-Project-Final\Airports-Project-Final-Tests\bin\Debug\net5.0\fine-code-coverage\coverage-tool-output</ResultsDirectory><TargetPlatform>X64</TargetPlatform><TargetFrameworkVersion>.NETCoreApp,Version=v5.0</TargetFrameworkVersion><DesignMode>False</DesignMode><CollectSourceInformation>False</CollectSourceInformation><TestAdaptersPaths>C:\Program Files\dotnet\sdk\5.0.408\Extensions</TestAdaptersPaths></RunConfiguration><LoggerRunSettings><Loggers><Logger friendlyName="blame" enabled="True" /><Logger friendlyName="Console" uri="logger://microsoft/TestPlatform/ConsoleLogger/v1" assemblyQualifiedName="Microsoft.VisualStudio.TestPlatform.CommandLine.Internal.ConsoleLogger, vstest.console, Version=15.0.0.0, Culture=neutral, PublicKeyToken=b03f5f7f11d50a3a" codeBase="C:\Program Files\dotnet\sdk\5.0.408\vstest.console.dll" enabled="True" /></Loggers></LoggerRunSettings><DataCollectionRunSettings><DataCollectors><DataCollector friendlyName="blame" enabled="True"><Configuration><ResultsDirectory>C:\Users\Daniel Todorov\Documents\exercises-2021\Daniel\Airport-Project\Airports-Project-Final\Airports-Project-Final-Tests\bin\Debug\net5.0\fine-code-coverage\coverage-tool-output</ResultsDirectory></Configuration></DataCollector></DataCollectors></DataCollectionRunSettings></RunSettings> and sources System.Linq.Enumerable+Concat2Iterator`1[System.String]: 
TpTrace Verbose: 0 : 15028, 4, 2022/06/10, 11:11:48.503, 6100090721586, vstest.console.dll, DataCollectionRequestSender.SendBeforeTestRunStartAndGetResult : Received message: (DataCollection.SendMessage) -> {
  "FriendlyName": null,
  "Uri": null,
  "TestCaseId": "00000000-0000-0000-0000-000000000000",
  "Message": "Logging DataCollector Diagnostics in file: C:\\Users\\Daniel Todorov\\Documents\\exercises-2021\\Daniel\\Airport-Project\\Airports-Project-Final\\Airports-Project-Final-Tests\\bin\\Debug\\net5.0\\fine-code-coverage\\coverage-tool-output\\diagnostics.datacollector.22-06-10_11-11-48_27193_4.log",
  "Level": 0
}
TpTrace Verbose: 0 : 15028, 4, 2022/06/10, 11:11:48.561, 6100091297485, vstest.console.dll, DataCollectionRequestSender.SendBeforeTestRunStartAndGetResult : Received message: (DataCollection.BeforeTestRunStartResult) -> {
  "EnvironmentVariables": {},
  "DataCollectionEventsPort": 65520
}
TpTrace Information: 0 : 15028, 4, 2022/06/10, 11:11:48.564, 6100091331622, vstest.console.dll, ProxyDataCollectionManager.BeforeTestRunStart: SendBeforeTestRunStartAndGetResult successful, env variable from datacollector:   and testhost port: 65520
TpTrace Information: 0 : 15028, 4, 2022/06/10, 11:11:48.564, 6100091332221, vstest.console.dll, ProxyDataCollectionManager.InvokeDataCollectionServiceAction: Completed.
TpTrace Verbose: 0 : 15028, 1, 2022/06/10, 11:11:48.565, 6100091333831, vstest.console.dll, TestRunRequest.ExecuteAsync: Creating test run request.
TpTrace Verbose: 0 : 15028, 1, 2022/06/10, 11:11:48.565, 6100091336269, vstest.console.dll, TestRunRequest.ExecuteAsync: Starting.
TpTrace Information: 0 : 15028, 1, 2022/06/10, 11:11:48.565, 6100091338605, vstest.console.dll, TestRunRequest.ExecuteAsync: Starting run with settings:TestRunCriteria:
   KeepAlive=False,FrequencyOfRunStatsChangeEvent=10,RunStatsChangeEventTimeout=00:00:01.5000000,TestCaseFilter=,TestExecutorLauncher=
   Settingsxml=<RunSettings>
  <RunConfiguration>
    <ResultsDirectory>C:\Users\Daniel Todorov\Documents\exercises-2021\Daniel\Airport-Project\Airports-Project-Final\Airports-Project-Final-Tests\bin\Debug\net5.0\fine-code-coverage\coverage-tool-output</ResultsDirectory>
    <TargetPlatform>X64</TargetPlatform>
    <TargetFrameworkVersion>.NETCoreApp,Version=v5.0</TargetFrameworkVersion>
    <DesignMode>False</DesignMode>
    <CollectSourceInformation>False</CollectSourceInformation>
  </RunConfiguration>
  <LoggerRunSettings>
    <Loggers>
      <Logger friendlyName="blame" enabled="True" />
      <Logger friendlyName="Console" uri="logger://microsoft/TestPlatform/ConsoleLogger/v1" assemblyQualifiedName="Microsoft.VisualStudio.TestPlatform.CommandLine.Internal.ConsoleLogger, vstest.console, Version=15.0.0.0, Culture=neutral, PublicKeyToken=b03f5f7f11d50a3a" codeBase="C:\Program Files\dotnet\sdk\5.0.408\vstest.console.dll" enabled="True" />
    </Loggers>
  </LoggerRunSettings>
  <DataCollectionRunSettings>
    <DataCollectors>
      <DataCollector friendlyName="blame" enabled="True">
        <Configuration>
          <ResultsDirectory>C:\Users\Daniel Todorov\Documents\exercises-2021\Daniel\Airport-Project\Airports-Project-Final\Airports-Project-Final-Tests\bin\Debug\net5.0\fine-code-coverage\coverage-tool-output</ResultsDirectory>
        </Configuration>
      </DataCollector>
    </DataCollectors>
  </DataCollectionRunSettings>
</RunSettings>

TpTrace Verbose: 0 : 15028, 1, 2022/06/10, 11:11:48.565, 6100091339161, vstest.console.dll, TestRunRequest.ExecuteAsync: Wait for the first run request is over.
TpTrace Verbose: 0 : 15028, 1, 2022/06/10, 11:11:48.565, 6100091342802, vstest.console.dll, ParallelProxyExecutionManager: Start execution. Total sources: 1
TpTrace Information: 0 : 15028, 1, 2022/06/10, 11:11:48.566, 6100091348842, vstest.console.dll, ProxyParallelExecutionManager: Triggering test run for next source: C:\Users\Daniel Todorov\Documents\exercises-2021\Daniel\Airport-Project\Airports-Project-Final\Airports-Project-Final-Tests\bin\Debug\net5.0\fine-code-coverage\build-output\Airports-Project-Final-Tests.dll
TpTrace Verbose: 0 : 15028, 4, 2022/06/10, 11:11:48.566, 6100091350473, vstest.console.dll, ParallelProxyExecutionManager: Execution started. Started clients: 1
TpTrace Verbose: 0 : 15028, 1, 2022/06/10, 11:11:48.566, 6100091350633, vstest.console.dll, ProxyParallelExecutionManager: No sources available for execution.
TpTrace Information: 0 : 15028, 1, 2022/06/10, 11:11:48.566, 6100091352020, vstest.console.dll, TestRunRequest.ExecuteAsync: Started.
TpTrace Verbose: 0 : 15028, 1, 2022/06/10, 11:11:48.566, 6100091352848, vstest.console.dll, TestRunRequest.WaitForCompletion: Waiting with timeout -1.
TpTrace Verbose: 0 : 15028, 4, 2022/06/10, 11:11:48.566, 6100091353304, vstest.console.dll, TestRunRequest:SendTestRunMessage: Starting.
TpTrace Information: 0 : 15028, 4, 2022/06/10, 11:11:48.567, 6100091354257, vstest.console.dll, TestRunRequest:SendTestRunMessage: Completed.
TpTrace Verbose: 0 : 15028, 4, 2022/06/10, 11:11:48.567, 6100091356192, vstest.console.dll, ProxyExecutionManager: Test host is always Lazy initialize.
TpTrace Verbose: 0 : 15028, 4, 2022/06/10, 11:11:48.567, 6100091358307, vstest.console.dll, TestRequestSender.InitializeCommunication: initialize communication. 
TpTrace Information: 0 : 15028, 4, 2022/06/10, 11:11:48.567, 6100091363120, vstest.console.dll, SocketServer.Start: Listening on endpoint : 127.0.0.1:65521
TpTrace Verbose: 0 : 15028, 4, 2022/06/10, 11:11:48.568, 6100091369389, vstest.console.dll, DotnetTestHostmanager: Adding  --runtimeconfig "C:\Users\Daniel Todorov\Documents\exercises-2021\Daniel\Airport-Project\Airports-Project-Final\Airports-Project-Final-Tests\bin\Debug\net5.0\fine-code-coverage\build-output\Airports-Project-Final-Tests.runtimeconfig.json" in args
TpTrace Verbose: 0 : 15028, 4, 2022/06/10, 11:11:48.568, 6100091370435, vstest.console.dll, DotnetTestHostmanager: Adding  --depsfile "C:\Users\Daniel Todorov\Documents\exercises-2021\Daniel\Airport-Project\Airports-Project-Final\Airports-Project-Final-Tests\bin\Debug\net5.0\fine-code-coverage\build-output\Airports-Project-Final-Tests.deps.json" in args
TpTrace Verbose: 0 : 15028, 4, 2022/06/10, 11:11:48.568, 6100091372504, vstest.console.dll, DotnetTestHostManager: Testhost.exe/testhost.x86.exe found at path: C:\Users\Daniel Todorov\Documents\exercises-2021\Daniel\Airport-Project\Airports-Project-Final\Airports-Project-Final-Tests\bin\Debug\net5.0\fine-code-coverage\build-output\testhost.exe
TpTrace Verbose: 0 : 15028, 4, 2022/06/10, 11:11:48.568, 6100091373071, vstest.console.dll, DotnetTestHostmanager: Full path of host exe is C:\Users\Daniel Todorov\Documents\exercises-2021\Daniel\Airport-Project\Airports-Project-Final\Airports-Project-Final-Tests\bin\Debug\net5.0\fine-code-coverage\build-output\testhost.exe
TpTrace Verbose: 0 : 15028, 6, 2022/06/10, 11:11:48.569, 6100091381369, vstest.console.dll, DotnetTestHostManager: Starting process 'C:\Users\Daniel Todorov\Documents\exercises-2021\Daniel\Airport-Project\Airports-Project-Final\Airports-Project-Final-Tests\bin\Debug\net5.0\fine-code-coverage\build-output\testhost.exe' with command line ' --runtimeconfig "C:\Users\Daniel Todorov\Documents\exercises-2021\Daniel\Airport-Project\Airports-Project-Final\Airports-Project-Final-Tests\bin\Debug\net5.0\fine-code-coverage\build-output\Airports-Project-Final-Tests.runtimeconfig.json" --depsfile "C:\Users\Daniel Todorov\Documents\exercises-2021\Daniel\Airport-Project\Airports-Project-Final\Airports-Project-Final-Tests\bin\Debug\net5.0\fine-code-coverage\build-output\Airports-Project-Final-Tests.deps.json" --port 65521 --endpoint 127.0.0.1:065521 --role client --parentprocessid 15028 --diag "C:\Users\Daniel Todorov\Documents\exercises-2021\Daniel\Airport-Project\Airports-Project-Final\Airports-Project-Final-Tests\bin\Debug\net5.0\fine-code-coverage\coverage-tool-output\diagnostics.host.22-06-10_11-11-48_56823_4.log" --tracelevel 4 --datacollectionport 65520 --telemetryoptedin false'
TpTrace Verbose: 0 : 15028, 6, 2022/06/10, 11:11:48.573, 6100091419985, vstest.console.dll, Test Runtime launched
TpTrace Verbose: 0 : 15028, 4, 2022/06/10, 11:11:48.574, 6100091425493, vstest.console.dll, TestRequestSender.WaitForRequestHandlerConnection: waiting for connection with timeout: 90000
TpTrace Verbose: 0 : 15028, 6, 2022/06/10, 11:11:48.754, 6100093227790, vstest.console.dll, SocketServer.OnClientConnected: Client connected for endPoint: 127.0.0.1:65521, starting MessageLoopAsync:
TpTrace Verbose: 0 : 15028, 6, 2022/06/10, 11:11:48.754, 6100093230590, vstest.console.dll, TcpClientExtensions.MessageLoopAsync: Polling on remoteEndPoint: 127.0.0.1:65522 localEndPoint: 127.0.0.1:65521
TpTrace Verbose: 0 : 15028, 6, 2022/06/10, 11:11:48.895, 6100094633856, vstest.console.dll, TcpClientExtensions.MessageLoopAsync: NotifyDataAvailable remoteEndPoint: 127.0.0.1:65522 localEndPoint: 127.0.0.1:65521
TpTrace Verbose: 0 : 15028, 6, 2022/06/10, 11:11:48.895, 6100094636420, vstest.console.dll, TestRequestSender.CheckVersionWithTestHost: onMessageReceived received message: (ProtocolVersion) -> 5
TpTrace Verbose: 0 : 15028, 6, 2022/06/10, 11:11:48.895, 6100094640272, vstest.console.dll, TcpClientExtensions.MessageLoopAsync: Polling on remoteEndPoint: 127.0.0.1:65522 localEndPoint: 127.0.0.1:65521
TpTrace Verbose: 0 : 15028, 4, 2022/06/10, 11:11:48.895, 6100094641470, vstest.console.dll, TestPluginCache.GetExtensionPaths: Filtered extension paths: 
TpTrace Verbose: 0 : 15028, 4, 2022/06/10, 11:11:48.895, 6100094642155, vstest.console.dll, TestPluginCache.GetExtensionPaths: Added default extension paths: C:\Program Files\dotnet\sdk\5.0.408\Extensions\Microsoft.Diagnostics.NETCore.Client.dll
C:\Program Files\dotnet\sdk\5.0.408\Extensions\Microsoft.TestPlatform.Extensions.BlameDataCollector.dll
C:\Program Files\dotnet\sdk\5.0.408\Extensions\Microsoft.TestPlatform.Extensions.EventLogCollector.dll
C:\Program Files\dotnet\sdk\5.0.408\Extensions\Microsoft.TestPlatform.TestHostRuntimeProvider.dll
C:\Program Files\dotnet\sdk\5.0.408\Extensions\Microsoft.VisualStudio.TestPlatform.Extensions.Html.TestLogger.dll
C:\Program Files\dotnet\sdk\5.0.408\Extensions\Microsoft.VisualStudio.TestPlatform.Extensions.Trx.TestLogger.dll
TpTrace Verbose: 0 : 15028, 4, 2022/06/10, 11:11:48.895, 6100094642625, vstest.console.dll, TestPluginCache.GetExtensionPaths: Added unfilterableExtensionPaths: 
TpTrace Verbose: 0 : 15028, 4, 2022/06/10, 11:11:48.899, 6100094674293, vstest.console.dll, TestRequestSender.InitializeExecution: Sending initializing execution with message: {"Version":5,"MessageType":"TestExecution.Initialize","Payload":["C:\\Users\\Daniel Todorov\\Documents\\exercises-2021\\Daniel\\Airport-Project\\Airports-Project-Final\\Airports-Project-Final-Tests\\bin\\Debug\\net5.0\\fine-code-coverage\\build-output\\NUnit3.TestAdapter.dll"]}
TpTrace Verbose: 0 : 15028, 4, 2022/06/10, 11:11:48.906, 6100094747794, vstest.console.dll, TestRequestSender.StartTestRun: Sending test run with message: {"Version":5,"MessageType":"TestExecution.StartWithSources","Payload":{"AdapterSourceMap":{"_none_":["C:\\Users\\Daniel Todorov\\Documents\\exercises-2021\\Daniel\\Airport-Project\\Airports-Project-Final\\Airports-Project-Final-Tests\\bin\\Debug\\net5.0\\fine-code-coverage\\build-output\\Airports-Project-Final-Tests.dll"]},"RunSettings":"<RunSettings>\r\n  <RunConfiguration>\r\n    <ResultsDirectory>C:\\Users\\Daniel Todorov\\Documents\\exercises-2021\\Daniel\\Airport-Project\\Airports-Project-Final\\Airports-Project-Final-Tests\\bin\\Debug\\net5.0\\fine-code-coverage\\coverage-tool-output</ResultsDirectory>\r\n    <TargetPlatform>X64</TargetPlatform>\r\n    <TargetFrameworkVersion>.NETCoreApp,Version=v5.0</TargetFrameworkVersion>\r\n    <DesignMode>False</DesignMode>\r\n    <CollectSourceInformation>False</CollectSourceInformation>\r\n  </RunConfiguration>\r\n  <LoggerRunSettings>\r\n    <Loggers>\r\n      <Logger friendlyName=\"blame\" enabled=\"True\" />\r\n      <Logger friendlyName=\"Console\" uri=\"logger://microsoft/TestPlatform/ConsoleLogger/v1\" assemblyQualifiedName=\"Microsoft.VisualStudio.TestPlatform.CommandLine.Internal.ConsoleLogger, vstest.console, Version=15.0.0.0, Culture=neutral, PublicKeyToken=b03f5f7f11d50a3a\" codeBase=\"C:\\Program Files\\dotnet\\sdk\\5.0.408\\vstest.console.dll\" enabled=\"True\" />\r\n    </Loggers>\r\n  </LoggerRunSettings>\r\n  <DataCollectionRunSettings>\r\n    <DataCollectors>\r\n      <DataCollector friendlyName=\"blame\" enabled=\"True\">\r\n        <Configuration>\r\n          <ResultsDirectory>C:\\Users\\Daniel Todorov\\Documents\\exercises-2021\\Daniel\\Airport-Project\\Airports-Project-Final\\Airports-Project-Final-Tests\\bin\\Debug\\net5.0\\fine-code-coverage\\coverage-tool-output</ResultsDirectory>\r\n        </Configuration>\r\n      </DataCollector>\r\n    </DataCollectors>\r\n  </DataCollectionRunSettings>\r\n</RunSettings>","TestExecutionContext":{"FrequencyOfRunStatsChangeEvent":10,"RunStatsChangeEventTimeout":"00:00:01.5000000","InIsolation":false,"KeepAlive":false,"AreTestCaseLevelEventsRequired":false,"IsDebug":false,"TestCaseFilter":null,"FilterOptions":null},"Package":null}}
TpTrace Verbose: 0 : 15028, 6, 2022/06/10, 11:11:48.907, 6100094756288, vstest.console.dll, TcpClientExtensions.MessageLoopAsync: NotifyDataAvailable remoteEndPoint: 127.0.0.1:65522 localEndPoint: 127.0.0.1:65521
TpTrace Verbose: 0 : 15028, 6, 2022/06/10, 11:11:48.907, 6100094757685, vstest.console.dll, TestRequestSender.OnExecutionMessageReceived: Received message: {"Version":5,"MessageType":"TestSession.Message","Payload":{"MessageLevel":0,"Message":"Logging TestHost Diagnostics in file: C:\\Users\\Daniel Todorov\\Documents\\exercises-2021\\Daniel\\Airport-Project\\Airports-Project-Final\\Airports-Project-Final-Tests\\bin\\Debug\\net5.0\\fine-code-coverage\\coverage-tool-output\\diagnostics.host.22-06-10_11-11-48_56823_4.log"}}
TpTrace Verbose: 0 : 15028, 6, 2022/06/10, 11:11:48.909, 6100094774986, vstest.console.dll, TestRunRequest:SendTestRunMessage: Starting.
TpTrace Information: 0 : 15028, 6, 2022/06/10, 11:11:48.909, 6100094775825, vstest.console.dll, TestRunRequest:SendTestRunMessage: Completed.
TpTrace Verbose: 0 : 15028, 6, 2022/06/10, 11:11:48.909, 6100094776325, vstest.console.dll, TcpClientExtensions.MessageLoopAsync: Polling on remoteEndPoint: 127.0.0.1:65522 localEndPoint: 127.0.0.1:65521
TpTrace Verbose: 0 : 15028, 6, 2022/06/10, 11:11:49.054, 6100096232309, vstest.console.dll, TcpClientExtensions.MessageLoopAsync: NotifyDataAvailable remoteEndPoint: 127.0.0.1:65522 localEndPoint: 127.0.0.1:65521
TpTrace Verbose: 0 : 15028, 6, 2022/06/10, 11:11:49.055, 6100096233745, vstest.console.dll, TestRequestSender.OnExecutionMessageReceived: Received message: {"Version":5,"MessageType":"TestSession.Message","Payload":{"MessageLevel":0,"Message":"NUnit Adapter 3.17.0.0: Test execution started"}}
TpTrace Verbose: 0 : 15028, 6, 2022/06/10, 11:11:49.058, 6100096265600, vstest.console.dll, TestRunRequest:SendTestRunMessage: Starting.
TpTrace Information: 0 : 15028, 6, 2022/06/10, 11:11:49.058, 6100096267072, vstest.console.dll, TestRunRequest:SendTestRunMessage: Completed.
TpTrace Verbose: 0 : 15028, 6, 2022/06/10, 11:11:49.058, 6100096267659, vstest.console.dll, TcpClientExtensions.MessageLoopAsync: Polling on remoteEndPoint: 127.0.0.1:65522 localEndPoint: 127.0.0.1:65521
TpTrace Verbose: 0 : 15028, 6, 2022/06/10, 11:11:49.087, 6100096557082, vstest.console.dll, TcpClientExtensions.MessageLoopAsync: NotifyDataAvailable remoteEndPoint: 127.0.0.1:65522 localEndPoint: 127.0.0.1:65521
TpTrace Verbose: 0 : 15028, 6, 2022/06/10, 11:11:49.087, 6100096558604, vstest.console.dll, TestRequestSender.OnExecutionMessageReceived: Received message: {"Version":5,"MessageType":"TestSession.Message","Payload":{"MessageLevel":0,"Message":"Running all tests in C:\\Users\\Daniel Todorov\\Documents\\exercises-2021\\Daniel\\Airport-Project\\Airports-Project-Final\\Airports-Project-Final-Tests\\bin\\Debug\\net5.0\\fine-code-coverage\\build-output\\Airports-Project-Final-Tests.dll"}}
TpTrace Verbose: 0 : 15028, 6, 2022/06/10, 11:11:49.087, 6100096560750, vstest.console.dll, TestRunRequest:SendTestRunMessage: Starting.
TpTrace Information: 0 : 15028, 6, 2022/06/10, 11:11:49.087, 6100096561516, vstest.console.dll, TestRunRequest:SendTestRunMessage: Completed.
TpTrace Verbose: 0 : 15028, 6, 2022/06/10, 11:11:49.087, 6100096561970, vstest.console.dll, TcpClientExtensions.MessageLoopAsync: Polling on remoteEndPoint: 127.0.0.1:65522 localEndPoint: 127.0.0.1:65521
TpTrace Verbose: 0 : 15028, 6, 2022/06/10, 11:11:49.223, 6100097917234, vstest.console.dll, TcpClientExtensions.MessageLoopAsync: NotifyDataAvailable remoteEndPoint: 127.0.0.1:65522 localEndPoint: 127.0.0.1:65521
TpTrace Verbose: 0 : 15028, 6, 2022/06/10, 11:11:49.223, 6100097918383, vstest.console.dll, TestRequestSender.OnExecutionMessageReceived: Received message: {"Version":5,"MessageType":"TestSession.Message","Payload":{"MessageLevel":0,"Message":"   NUnit3TestExecutor discovered 27 of 27 NUnit test cases"}}
TpTrace Verbose: 0 : 15028, 6, 2022/06/10, 11:11:49.223, 6100097920208, vstest.console.dll, TestRunRequest:SendTestRunMessage: Starting.
TpTrace Information: 0 : 15028, 6, 2022/06/10, 11:11:49.223, 6100097920911, vstest.console.dll, TestRunRequest:SendTestRunMessage: Completed.
TpTrace Verbose: 0 : 15028, 6, 2022/06/10, 11:11:49.223, 6100097921464, vstest.console.dll, TcpClientExtensions.MessageLoopAsync: Polling on remoteEndPoint: 127.0.0.1:65522 localEndPoint: 127.0.0.1:65521
TpTrace Verbose: 0 : 15028, 6, 2022/06/10, 11:11:49.975, 6100105437286, vstest.console.dll, TcpClientExtensions.MessageLoopAsync: NotifyDataAvailable remoteEndPoint: 127.0.0.1:65522 localEndPoint: 127.0.0.1:65521
TpTrace Verbose: 0 : 15028, 6, 2022/06/10, 11:11:49.975, 6100105439280, vstest.console.dll, TestRequestSender.OnExecutionMessageReceived: Received message: {"Version":5,"MessageType":"TestExecution.StatsChange","Payload":{"NewTestResults":[{"TestCase":{"Id":"5510f4f2-db81-f056-a1a7-2c8c2736fbfc","FullyQualifiedName":"Airports_Project_Final_Tests.Airline_Tests.Adding_Airline_Throws","DisplayName":"Adding_Airline_Throws","ExecutorUri":"executor://NUnit3TestExecutor","Source":"C:\\Users\\Daniel Todorov\\Documents\\exercises-2021\\Daniel\\Airport-Project\\Airports-Project-Final\\Airports-Project-Final-Tests\\bin\\Debug\\net5.0\\fine-code-coverage\\build-output\\Airports-Project-Final-Tests.dll","CodeFilePath":null,"LineNumber":0,"Properties":[]},"Attachments":[],"Outcome":1,"ErrorMessage":null,"ErrorStackTrace":null,"DisplayName":"Adding_Airline_Throws","Messages":[],"ComputerName":"DTODOROV-DUAL","Duration":"00:00:00.4291930","StartTime":"2022-06-10T08:11:49.2523426+00:00","EndTime":"2022-06-10T08:11:49.6814265+00:00","Properties":[]},{"TestCase":{"Id":"295d27ce-5f26-3399-f8e4-21bf18b93171","FullyQualifiedName":"Airports_Project_Final_Tests.Airline_Tests.Adding_Airline_Works","DisplayName":"Adding_Airline_Works","ExecutorUri":"executor://NUnit3TestExecutor","Source":"C:\\Users\\Daniel Todorov\\Documents\\exercises-2021\\Daniel\\Airport-Project\\Airports-Project-Final\\Airports-Project-Final-Tests\\bin\\Debug\\net5.0\\fine-code-coverage\\build-output\\Airports-Project-Final-Tests.dll","CodeFilePath":null,"LineNumber":0,"Properties":[]},"Attachments":[],"Outcome":1,"ErrorMessage":null,"ErrorStackTrace":null,"DisplayName":"Adding_Airline_Works","Messages":[],"ComputerName":"DTODOROV-DUAL","Duration":"00:00:00.1660250","StartTime":"2022-06-10T08:11:49.6833268+00:00","EndTime":"2022-06-10T08:11:49.84935+00:00","Properties":[]},{"TestCase":{"Id":"baa3144c-0ee5-4441-e27b-557290d676a4","FullyQualifiedName":"Airports_Project_Final_Tests.Airline_Tests.Controller_Create_ReturnsView","DisplayName":"Controller_Create_ReturnsView","ExecutorUri":"executor://NUnit3TestExecutor","Source":"C:\\Users\\Daniel Todorov\\Documents\\exercises-2021\\Daniel\\Airport-Project\\Airports-Project-Final\\Airports-Project-Final-Tests\\bin\\Debug\\net5.0\\fine-code-coverage\\build-output\\Airports-Project-Final-Tests.dll","CodeFilePath":null,"LineNumber":0,"Properties":[]},"Attachments":[],"Outcome":1,"ErrorMessage":null,"ErrorStackTrace":null,"DisplayName":"Controller_Create_ReturnsView","Messages":[],"ComputerName":"DTODOROV-DUAL","Duration":"00:00:00.0052620","StartTime":"2022-06-10T08:11:49.8493904+00:00","EndTime":"2022-06-10T08:11:49.8546519+00:00","Properties":[]},{"TestCase":{"Id":"c3b25037-08b4-cfd3-3f4a-f8e5fad82358","FullyQualifiedName":"Airports_Project_Final_Tests.Airline_Tests.Delete_Works","DisplayName":"Delete_Works","ExecutorUri":"executor://NUnit3TestExecutor","Source":"C:\\Users\\Daniel Todorov\\Documents\\exercises-2021\\Daniel\\Airport-Project\\Airports-Project-Final\\Airports-Project-Final-Tests\\bin\\Debug\\net5.0\\fine-code-coverage\\build-output\\Airports-Project-Final-Tests.dll","CodeFilePath":null,"LineNumber":0,"Properties":[]},"Attachments":[],"Outcome":1,"ErrorMessage":null,"ErrorStackTrace":null,"DisplayName":"Delete_Works","Messages":[],"ComputerName":"DTODOROV-DUAL","Duration":"00:00:00.0153690","StartTime":"2022-06-10T08:11:49.8546703+00:00","EndTime":"2022-06-10T08:11:49.870039+00:00","Properties":[]},{"TestCase":{"Id":"e7cd6f34-af31-df00-7813-7e444683707d","FullyQualifiedName":"Airports_Project_Final_Tests.Airline_Tests.Edit_Works","DisplayName":"Edit_Works","ExecutorUri":"executor://NUnit3TestExecutor","Source":"C:\\Users\\Daniel Todorov\\Documents\\exercises-2021\\Daniel\\Airport-Project\\Airports-Project-Final\\Airports-Project-Final-Tests\\bin\\Debug\\net5.0\\fine-code-coverage\\build-output\\Airports-Project-Final-Tests.dll","CodeFilePath":null,"LineNumber":0,"Properties":[]},"Attachments":[],"Outcome":1,"ErrorMessage":null,"ErrorStackTrace":null,"DisplayName":"Edit_Works","Messages":[],"ComputerName":"DTODOROV-DUAL","Duration":"00:00:00.0317260","StartTime":"2022-06-10T08:11:49.8700584+00:00","EndTime":"2022-06-10T08:11:49.9017834+00:00","Properties":[]},{"TestCase":{"Id":"77de4aca-5224-0ab4-94ee-b2391f4dae4d","FullyQualifiedName":"Airports_Project_Final_Tests.Airline_Tests.Get_Works","DisplayName":"Get_Works","ExecutorUri":"executor://NUnit3TestExecutor","Source":"C:\\Users\\Daniel Todorov\\Documents\\exercises-2021\\Daniel\\Airport-Project\\Airports-Project-Final\\Airports-Project-Final-Tests\\bin\\Debug\\net5.0\\fine-code-coverage\\build-output\\Airports-Project-Final-Tests.dll","CodeFilePath":null,"LineNumber":0,"Properties":[]},"Attachments":[],"Outcome":1,"ErrorMessage":null,"ErrorStackTrace":null,"DisplayName":"Get_Works","Messages":[],"ComputerName":"DTODOROV-DUAL","Duration":"00:00:00.0048630","StartTime":"2022-06-10T08:11:49.9018072+00:00","EndTime":"2022-06-10T08:11:49.9066702+00:00","Properties":[]},{"TestCase":{"Id":"01ba3a29-0b0d-f08b-72f6-3029c6f9f8c2","FullyQualifiedName":"Airports_Project_Final_Tests.Airline_Tests.GetAll_Works","DisplayName":"GetAll_Works","ExecutorUri":"executor://NUnit3TestExecutor","Source":"C:\\Users\\Daniel Todorov\\Documents\\exercises-2021\\Daniel\\Airport-Project\\Airports-Project-Final\\Airports-Project-Final-Tests\\bin\\Debug\\net5.0\\fine-code-coverage\\build-output\\Airports-Project-Final-Tests.dll","CodeFilePath":null,"LineNumber":0,"Properties":[]},"Attachments":[],"Outcome":1,"ErrorMessage":null,"ErrorStackTrace":null,"DisplayName":"GetAll_Works","Messages":[],"ComputerName":"DTODOROV-DUAL","Duration":"00:00:00.0125170","StartTime":"2022-06-10T08:11:49.9066878+00:00","EndTime":"2022-06-10T08:11:49.9192046+00:00","Properties":[]},{"TestCase":{"Id":"713aebe7-0dbf-85ff-dd28-3bf819eaa72b","FullyQualifiedName":"Airports_Project_Final_Tests.Airport_Tests.Adding_Airport_Works","DisplayName":"Adding_Airport_Works","ExecutorUri":"executor://NUnit3TestExecutor","Source":"C:\\Users\\Daniel Todorov\\Documents\\exercises-2021\\Daniel\\Airport-Project\\Airports-Project-Final\\Airports-Project-Final-Tests\\bin\\Debug\\net5.0\\fine-code-coverage\\build-output\\Airports-Project-Final-Tests.dll","CodeFilePath":null,"LineNumber":0,"Properties":[]},"Attachments":[],"Outcome":1,"ErrorMessage":null,"ErrorStackTrace":null,"DisplayName":"Adding_Airport_Works","Messages":[],"ComputerName":"DTODOROV-DUAL","Duration":"00:00:00.0178410","StartTime":"2022-06-10T08:11:49.9218906+00:00","EndTime":"2022-06-10T08:11:49.9397315+00:00","Properties":[]},{"TestCase":{"Id":"db1bfe6a-22fc-c9e3-8235-7660a732086b","FullyQualifiedName":"Airports_Project_Final_Tests.Airport_Tests.Adding_ExistingAirport_Throws","DisplayName":"Adding_ExistingAirport_Throws","ExecutorUri":"executor://NUnit3TestExecutor","Source":"C:\\Users\\Daniel Todorov\\Documents\\exercises-2021\\Daniel\\Airport-Project\\Airports-Project-Final\\Airports-Project-Final-Tests\\bin\\Debug\\net5.0\\fine-code-coverage\\build-output\\Airports-Project-Final-Tests.dll","CodeFilePath":null,"LineNumber":0,"Properties":[]},"Attachments":[],"Outcome":1,"ErrorMessage":null,"ErrorStackTrace":null,"DisplayName":"Adding_ExistingAirport_Throws","Messages":[],"ComputerName":"DTODOROV-DUAL","Duration":"00:00:00.0024240","StartTime":"2022-06-10T08:11:49.9397651+00:00","EndTime":"2022-06-10T08:11:49.9421883+00:00","Properties":[]}],"TestRunStatistics":{"ExecutedTests":9,"Stats":{"Passed":9}},"ActiveTests":[{"Id":"1e5d18f5-d8be-f097-6577-038a56349d01","FullyQualifiedName":"Airports_Project_Final_Tests.Airport_Tests.Controller_Create_IsNotNull","DisplayName":"Controller_Create_IsNotNull","ExecutorUri":"executor://NUnit3TestExecutor","Source":"C:\\Users\\Daniel Todorov\\Documents\\exercises-2021\\Daniel\\Airport-Project\\Airports-Project-Final\\Airports-Project-Final-Tests\\bin\\Debug\\net5.0\\fine-code-coverage\\build-output\\Airports-Project-Final-Tests.dll","CodeFilePath":null,"LineNumber":0,"Properties":[]}]}}
TpTrace Verbose: 0 : 15028, 6, 2022/06/10, 11:11:49.997, 6100105659673, vstest.console.dll, TestRunRequest:SendTestRunStatsChange: Starting.
TpTrace Verbose: 0 : 15028, 6, 2022/06/10, 11:11:49.997, 6100105660728, vstest.console.dll, InProgress is Controller_Create_IsNotNull
TpTrace Information: 0 : 15028, 6, 2022/06/10, 11:11:49.997, 6100105662479, vstest.console.dll, TestRunRequest:SendTestRunStatsChange: Completed.
TpTrace Verbose: 0 : 15028, 6, 2022/06/10, 11:11:49.997, 6100105662902, vstest.console.dll, TcpClientExtensions.MessageLoopAsync: Polling on remoteEndPoint: 127.0.0.1:65522 localEndPoint: 127.0.0.1:65521
TpTrace Verbose: 0 : 15028, 6, 2022/06/10, 11:11:49.997, 6100105663370, vstest.console.dll, TcpClientExtensions.MessageLoopAsync: NotifyDataAvailable remoteEndPoint: 127.0.0.1:65522 localEndPoint: 127.0.0.1:65521
TpTrace Verbose: 0 : 15028, 6, 2022/06/10, 11:11:49.998, 6100105664873, vstest.console.dll, TestRequestSender.OnExecutionMessageReceived: Received message: {"Version":5,"MessageType":"TestExecution.StatsChange","Payload":{"NewTestResults":[{"TestCase":{"Id":"1e5d18f5-d8be-f097-6577-038a56349d01","FullyQualifiedName":"Airports_Project_Final_Tests.Airport_Tests.Controller_Create_IsNotNull","DisplayName":"Controller_Create_IsNotNull","ExecutorUri":"executor://NUnit3TestExecutor","Source":"C:\\Users\\Daniel Todorov\\Documents\\exercises-2021\\Daniel\\Airport-Project\\Airports-Project-Final\\Airports-Project-Final-Tests\\bin\\Debug\\net5.0\\fine-code-coverage\\build-output\\Airports-Project-Final-Tests.dll","CodeFilePath":null,"LineNumber":0,"Properties":[]},"Attachments":[],"Outcome":1,"ErrorMessage":null,"ErrorStackTrace":null,"DisplayName":"Controller_Create_IsNotNull","Messages":[],"ComputerName":"DTODOROV-DUAL","Duration":"00:00:00.0032920","StartTime":"2022-06-10T08:11:49.9422137+00:00","EndTime":"2022-06-10T08:11:49.945505+00:00","Properties":[]},{"TestCase":{"Id":"2ab16d90-a12c-6e0a-2694-8d8ee22a9f0c","FullyQualifiedName":"Airports_Project_Final_Tests.Airport_Tests.Controller_Create_Returns_View","DisplayName":"Controller_Create_Returns_View","ExecutorUri":"executor://NUnit3TestExecutor","Source":"C:\\Users\\Daniel Todorov\\Documents\\exercises-2021\\Daniel\\Airport-Project\\Airports-Project-Final\\Airports-Project-Final-Tests\\bin\\Debug\\net5.0\\fine-code-coverage\\build-output\\Airports-Project-Final-Tests.dll","CodeFilePath":null,"LineNumber":0,"Properties":[]},"Attachments":[],"Outcome":1,"ErrorMessage":null,"ErrorStackTrace":null,"DisplayName":"Controller_Create_Returns_View","Messages":[],"ComputerName":"DTODOROV-DUAL","Duration":"00:00:00.0002300","StartTime":"2022-06-10T08:11:49.9455211+00:00","EndTime":"2022-06-10T08:11:49.9457512+00:00","Properties":[]},{"TestCase":{"Id":"83c9baef-a7fd-9ae2-4bc1-4d1d4093b540","FullyQualifiedName":"Airports_Project_Final_Tests.Airport_Tests.Controller_Create_WithArgument_ReturnsView","DisplayName":"Controller_Create_WithArgument_ReturnsView","ExecutorUri":"executor://NUnit3TestExecutor","Source":"C:\\Users\\Daniel Todorov\\Documents\\exercises-2021\\Daniel\\Airport-Project\\Airports-Project-Final\\Airports-Project-Final-Tests\\bin\\Debug\\net5.0\\fine-code-coverage\\build-output\\Airports-Project-Final-Tests.dll","CodeFilePath":null,"LineNumber":0,"Properties":[]},"Attachments":[],"Outcome":1,"ErrorMessage":null,"ErrorStackTrace":null,"DisplayName":"Controller_Create_WithArgument_ReturnsView","Messages":[],"ComputerName":"DTODOROV-DUAL","Duration":"00:00:00.0067420","StartTime":"2022-06-10T08:11:49.9457618+00:00","EndTime":"2022-06-10T08:11:49.9525029+00:00","Properties":[]},{"TestCase":{"Id":"df82ac2a-ae2b-2162-1382-a4b1f2736460","FullyQualifiedName":"Airports_Project_Final_Tests.Airport_Tests.Controller_Create_WithArgument_Throws","DisplayName":"Controller_Create_WithArgument_Throws","ExecutorUri":"executor://NUnit3TestExecutor","Source":"C:\\Users\\Daniel Todorov\\Documents\\exercises-2021\\Daniel\\Airport-Project\\Airports-Project-Final\\Airports-Project-Final-Tests\\bin\\Debug\\net5.0\\fine-code-coverage\\build-output\\Airports-Project-Final-Tests.dll","CodeFilePath":null,"LineNumber":0,"Properties":[]},"Attachments":[],"Outcome":1,"ErrorMessage":null,"ErrorStackTrace":null,"DisplayName":"Controller_Create_WithArgument_Throws","Messages":[],"ComputerName":"DTODOROV-DUAL","Duration":"00:00:00.0003800","StartTime":"2022-06-10T08:11:49.9525186+00:00","EndTime":"2022-06-10T08:11:49.9528978+00:00","Properties":[]},{"TestCase":{"Id":"7369cd53-32a9-fce1-844c-b05cb392bada","FullyQualifiedName":"Airports_Project_Final_Tests.Airport_Tests.Controller_Delete_ReturnsNotFound","DisplayName":"Controller_Delete_ReturnsNotFound","ExecutorUri":"executor://NUnit3TestExecutor","Source":"C:\\Users\\Daniel Todorov\\Documents\\exercises-2021\\Daniel\\Airport-Project\\Airports-Project-Final\\Airports-Project-Final-Tests\\bin\\Debug\\net5.0\\fine-code-coverage\\build-output\\Airports-Project-Final-Tests.dll","CodeFilePath":null,"LineNumber":0,"Properties":[]},"Attachments":[],"Outcome":1,"ErrorMessage":null,"ErrorStackTrace":null,"DisplayName":"Controller_Delete_ReturnsNotFound","Messages":[],"ComputerName":"DTODOROV-DUAL","Duration":"00:00:00.0118180","StartTime":"2022-06-10T08:11:49.9529081+00:00","EndTime":"2022-06-10T08:11:49.9647258+00:00","Properties":[]},{"TestCase":{"Id":"9d35e40c-2ca3-cfce-f164-e0371caed54f","FullyQualifiedName":"Airports_Project_Final_Tests.Airport_Tests.Controller_Delete_ReturnsRedirection","DisplayName":"Controller_Delete_ReturnsRedirection","ExecutorUri":"executor://NUnit3TestExecutor","Source":"C:\\Users\\Daniel Todorov\\Documents\\exercises-2021\\Daniel\\Airport-Project\\Airports-Project-Final\\Airports-Project-Final-Tests\\bin\\Debug\\net5.0\\fine-code-coverage\\build-output\\Airports-Project-Final-Tests.dll","CodeFilePath":null,"LineNumber":0,"Properties":[]},"Attachments":[],"Outcome":1,"ErrorMessage":null,"ErrorStackTrace":null,"DisplayName":"Controller_Delete_ReturnsRedirection","Messages":[],"ComputerName":"DTODOROV-DUAL","Duration":"00:00:00.0024920","StartTime":"2022-06-10T08:11:49.964747+00:00","EndTime":"2022-06-10T08:11:49.967238+00:00","Properties":[]},{"TestCase":{"Id":"fdd4f79a-c4b8-e169-004f-4556e927db69","FullyQualifiedName":"Airports_Project_Final_Tests.Airport_Tests.Controller_Edit_ReturnsNotFound","DisplayName":"Controller_Edit_ReturnsNotFound","ExecutorUri":"executor://NUnit3TestExecutor","Source":"C:\\Users\\Daniel Todorov\\Documents\\exercises-2021\\Daniel\\Airport-Project\\Airports-Project-Final\\Airports-Project-Final-Tests\\bin\\Debug\\net5.0\\fine-code-coverage\\build-output\\Airports-Project-Final-Tests.dll","CodeFilePath":null,"LineNumber":0,"Properties":[]},"Attachments":[],"Outcome":1,"ErrorMessage":null,"ErrorStackTrace":null,"DisplayName":"Controller_Edit_ReturnsNotFound","Messages":[],"ComputerName":"DTODOROV-DUAL","Duration":"00:00:00.0004310","StartTime":"2022-06-10T08:11:49.9672503+00:00","EndTime":"2022-06-10T08:11:49.9676816+00:00","Properties":[]},{"TestCase":{"Id":"63c5b750-7ca0-f9a6-1c23-dfd04bf8b25b","FullyQualifiedName":"Airports_Project_Final_Tests.Airport_Tests.Controller_Edit_ReturnsRedirection","DisplayName":"Controller_Edit_ReturnsRedirection","ExecutorUri":"executor://NUnit3TestExecutor","Source":"C:\\Users\\Daniel Todorov\\Documents\\exercises-2021\\Daniel\\Airport-Project\\Airports-Project-Final\\Airports-Project-Final-Tests\\bin\\Debug\\net5.0\\fine-code-coverage\\build-output\\Airports-Project-Final-Tests.dll","CodeFilePath":null,"LineNumber":0,"Properties":[]},"Attachments":[],"Outcome":1,"ErrorMessage":null,"ErrorStackTrace":null,"DisplayName":"Controller_Edit_ReturnsRedirection","Messages":[],"ComputerName":"DTODOROV-DUAL","Duration":"00:00:00.0027340","StartTime":"2022-06-10T08:11:49.9676925+00:00","EndTime":"2022-06-10T08:11:49.9704261+00:00","Properties":[]},{"TestCase":{"Id":"cea85dc7-e943-bb55-f5f2-2e634ca5677e","FullyQualifiedName":"Airports_Project_Final_Tests.Airport_Tests.Controller_Edit_WithAirportParameter_ReturnsRedirection","DisplayName":"Controller_Edit_WithAirportParameter_ReturnsRedirection","ExecutorUri":"executor://NUnit3TestExecutor","Source":"C:\\Users\\Daniel Todorov\\Documents\\exercises-2021\\Daniel\\Airport-Project\\Airports-Project-Final\\Airports-Project-Final-Tests\\bin\\Debug\\net5.0\\fine-code-coverage\\build-output\\Airports-Project-Final-Tests.dll","CodeFilePath":null,"LineNumber":0,"Properties":[]},"Attachments":[],"Outcome":1,"ErrorMessage":null,"ErrorStackTrace":null,"DisplayName":"Controller_Edit_WithAirportParameter_ReturnsRedirection","Messages":[],"ComputerName":"DTODOROV-DUAL","Duration":"00:00:00.0057040","StartTime":"2022-06-10T08:11:49.9704386+00:00","EndTime":"2022-06-10T08:11:49.9761418+00:00","Properties":[]}],"TestRunStatistics":{"ExecutedTests":18,"Stats":{"Passed":18}},"ActiveTests":[{"Id":"eafe6461-ae65-c97c-7743-bc0d24f55ff7","FullyQualifiedName":"Airports_Project_Final_Tests.Airport_Tests.Controller_Index_IsNotNull","DisplayName":"Controller_Index_IsNotNull","ExecutorUri":"executor://NUnit3TestExecutor","Source":"C:\\Users\\Daniel Todorov\\Documents\\exercises-2021\\Daniel\\Airport-Project\\Airports-Project-Final\\Airports-Project-Final-Tests\\bin\\Debug\\net5.0\\fine-code-coverage\\build-output\\Airports-Project-Final-Tests.dll","CodeFilePath":null,"LineNumber":0,"Properties":[]}]}}
TpTrace Verbose: 0 : 15028, 6, 2022/06/10, 11:11:49.999, 6100105681263, vstest.console.dll, TestRunRequest:SendTestRunStatsChange: Starting.
TpTrace Verbose: 0 : 15028, 6, 2022/06/10, 11:11:49.999, 6100105681840, vstest.console.dll, InProgress is Controller_Index_IsNotNull
TpTrace Information: 0 : 15028, 6, 2022/06/10, 11:11:49.999, 6100105682332, vstest.console.dll, TestRunRequest:SendTestRunStatsChange: Completed.
TpTrace Verbose: 0 : 15028, 6, 2022/06/10, 11:11:49.999, 6100105682693, vstest.console.dll, TcpClientExtensions.MessageLoopAsync: Polling on remoteEndPoint: 127.0.0.1:65522 localEndPoint: 127.0.0.1:65521
TpTrace Verbose: 0 : 15028, 6, 2022/06/10, 11:11:50.009, 6100105777134, vstest.console.dll, TcpClientExtensions.MessageLoopAsync: NotifyDataAvailable remoteEndPoint: 127.0.0.1:65522 localEndPoint: 127.0.0.1:65521
TpTrace Verbose: 0 : 15028, 6, 2022/06/10, 11:11:50.009, 6100105778139, vstest.console.dll, TestRequestSender.OnExecutionMessageReceived: Received message: {"Version":5,"MessageType":"TestSession.Message","Payload":{"MessageLevel":0,"Message":"NUnit Adapter 3.17.0.0: Test execution complete"}}
TpTrace Verbose: 0 : 15028, 6, 2022/06/10, 11:11:50.009, 6100105780075, vstest.console.dll, TestRunRequest:SendTestRunMessage: Starting.
TpTrace Information: 0 : 15028, 6, 2022/06/10, 11:11:50.009, 6100105780621, vstest.console.dll, TestRunRequest:SendTestRunMessage: Completed.
TpTrace Verbose: 0 : 15028, 6, 2022/06/10, 11:11:50.009, 6100105780973, vstest.console.dll, TcpClientExtensions.MessageLoopAsync: Polling on remoteEndPoint: 127.0.0.1:65522 localEndPoint: 127.0.0.1:65521
TpTrace Verbose: 0 : 15028, 6, 2022/06/10, 11:11:50.023, 6100105919077, vstest.console.dll, TcpClientExtensions.MessageLoopAsync: NotifyDataAvailable remoteEndPoint: 127.0.0.1:65522 localEndPoint: 127.0.0.1:65521
TpTrace Verbose: 0 : 15028, 6, 2022/06/10, 11:11:50.023, 6100105921389, vstest.console.dll, TestRequestSender.OnExecutionMessageReceived: Received message: {"Version":5,"MessageType":"TestExecution.Completed","Payload":{"TestRunCompleteArgs":{"TestRunStatistics":{"ExecutedTests":27,"Stats":{"Passed":27}},"IsCanceled":false,"IsAborted":false,"Error":null,"AttachmentSets":[],"ElapsedTimeInRunningTests":"00:00:00.9742056","Metrics":{}},"LastRunTests":{"NewTestResults":[{"TestCase":{"Id":"eafe6461-ae65-c97c-7743-bc0d24f55ff7","FullyQualifiedName":"Airports_Project_Final_Tests.Airport_Tests.Controller_Index_IsNotNull","DisplayName":"Controller_Index_IsNotNull","ExecutorUri":"executor://NUnit3TestExecutor","Source":"C:\\Users\\Daniel Todorov\\Documents\\exercises-2021\\Daniel\\Airport-Project\\Airports-Project-Final\\Airports-Project-Final-Tests\\bin\\Debug\\net5.0\\fine-code-coverage\\build-output\\Airports-Project-Final-Tests.dll","CodeFilePath":null,"LineNumber":0,"Properties":[]},"Attachments":[],"Outcome":1,"ErrorMessage":null,"ErrorStackTrace":null,"DisplayName":"Controller_Index_IsNotNull","Messages":[],"ComputerName":"DTODOROV-DUAL","Duration":"00:00:00.0007110","StartTime":"2022-06-10T08:11:49.9761609+00:00","EndTime":"2022-06-10T08:11:49.9768719+00:00","Properties":[]},{"TestCase":{"Id":"740ab2b0-7bf3-f7a2-c785-4cf87a3ffe61","FullyQualifiedName":"Airports_Project_Final_Tests.Airport_Tests.Controller_Index_Returns_View","DisplayName":"Controller_Index_Returns_View","ExecutorUri":"executor://NUnit3TestExecutor","Source":"C:\\Users\\Daniel Todorov\\Documents\\exercises-2021\\Daniel\\Airport-Project\\Airports-Project-Final\\Airports-Project-Final-Tests\\bin\\Debug\\net5.0\\fine-code-coverage\\build-output\\Airports-Project-Final-Tests.dll","CodeFilePath":null,"LineNumber":0,"Properties":[]},"Attachments":[],"Outcome":1,"ErrorMessage":null,"ErrorStackTrace":null,"DisplayName":"Controller_Index_Returns_View","Messages":[],"ComputerName":"DTODOROV-DUAL","Duration":"00:00:00.0002100","StartTime":"2022-06-10T08:11:49.9768836+00:00","EndTime":"2022-06-10T08:11:49.9770928+00:00","Properties":[]},{"TestCase":{"Id":"9c4a6321-73bd-46e3-b9f4-e0f8f81910de","FullyQualifiedName":"Airports_Project_Final_Tests.Airport_Tests.Controller_Index_Throws_WhenServiceIsNull","DisplayName":"Controller_Index_Throws_WhenServiceIsNull","ExecutorUri":"executor://NUnit3TestExecutor","Source":"C:\\Users\\Daniel Todorov\\Documents\\exercises-2021\\Daniel\\Airport-Project\\Airports-Project-Final\\Airports-Project-Final-Tests\\bin\\Debug\\net5.0\\fine-code-coverage\\build-output\\Airports-Project-Final-Tests.dll","CodeFilePath":null,"LineNumber":0,"Properties":[]},"Attachments":[],"Outcome":1,"ErrorMessage":null,"ErrorStackTrace":null,"DisplayName":"Controller_Index_Throws_WhenServiceIsNull","Messages":[],"ComputerName":"DTODOROV-DUAL","Duration":"00:00:00.0003340","StartTime":"2022-06-10T08:11:49.9771039+00:00","EndTime":"2022-06-10T08:11:49.9774377+00:00","Properties":[]},{"TestCase":{"Id":"a65b3b93-ea8e-2fcc-3437-eafd4137f168","FullyQualifiedName":"Airports_Project_Final_Tests.Airport_Tests.Deleting_Airport_Works","DisplayName":"Deleting_Airport_Works","ExecutorUri":"executor://NUnit3TestExecutor","Source":"C:\\Users\\Daniel Todorov\\Documents\\exercises-2021\\Daniel\\Airport-Project\\Airports-Project-Final\\Airports-Project-Final-Tests\\bin\\Debug\\net5.0\\fine-code-coverage\\build-output\\Airports-Project-Final-Tests.dll","CodeFilePath":null,"LineNumber":0,"Properties":[]},"Attachments":[],"Outcome":1,"ErrorMessage":null,"ErrorStackTrace":null,"DisplayName":"Deleting_Airport_Works","Messages":[],"ComputerName":"DTODOROV-DUAL","Duration":"00:00:00.0013750","StartTime":"2022-06-10T08:11:49.9774484+00:00","EndTime":"2022-06-10T08:11:49.9788229+00:00","Properties":[]},{"TestCase":{"Id":"637407b0-a50f-9624-04fa-943cfb0de079","FullyQualifiedName":"Airports_Project_Final_Tests.Airport_Tests.Deleting_NonExistingAirport_Throws","DisplayName":"Deleting_NonExistingAirport_Throws","ExecutorUri":"executor://NUnit3TestExecutor","Source":"C:\\Users\\Daniel Todorov\\Documents\\exercises-2021\\Daniel\\Airport-Project\\Airports-Project-Final\\Airports-Project-Final-Tests\\bin\\Debug\\net5.0\\fine-code-coverage\\build-output\\Airports-Project-Final-Tests.dll","CodeFilePath":null,"LineNumber":0,"Properties":[]},"Attachments":[],"Outcome":1,"ErrorMessage":null,"ErrorStackTrace":null,"DisplayName":"Deleting_NonExistingAirport_Throws","Messages":[],"ComputerName":"DTODOROV-DUAL","Duration":"00:00:00.0022900","StartTime":"2022-06-10T08:11:49.978838+00:00","EndTime":"2022-06-10T08:11:49.9811278+00:00","Properties":[]},{"TestCase":{"Id":"cf16cef6-deb7-83ca-8ed9-4a9375ce31e2","FullyQualifiedName":"Airports_Project_Final_Tests.Airport_Tests.Editing_Airport_Works","DisplayName":"Editing_Airport_Works","ExecutorUri":"executor://NUnit3TestExecutor","Source":"C:\\Users\\Daniel Todorov\\Documents\\exercises-2021\\Daniel\\Airport-Project\\Airports-Project-Final\\Airports-Project-Final-Tests\\bin\\Debug\\net5.0\\fine-code-coverage\\build-output\\Airports-Project-Final-Tests.dll","CodeFilePath":null,"LineNumber":0,"Properties":[]},"Attachments":[],"Outcome":1,"ErrorMessage":null,"ErrorStackTrace":null,"DisplayName":"Editing_Airport_Works","Messages":[],"ComputerName":"DTODOROV-DUAL","Duration":"00:00:00.0059900","StartTime":"2022-06-10T08:11:49.9811458+00:00","EndTime":"2022-06-10T08:11:49.9871357+00:00","Properties":[]},{"TestCase":{"Id":"d2c3b228-5d9e-f265-8112-fda166f80409","FullyQualifiedName":"Airports_Project_Final_Tests.Airport_Tests.GetAll_Airports_Works","DisplayName":"GetAll_Airports_Works","ExecutorUri":"executor://NUnit3TestExecutor","Source":"C:\\Users\\Daniel Todorov\\Documents\\exercises-2021\\Daniel\\Airport-Project\\Airports-Project-Final\\Airports-Project-Final-Tests\\bin\\Debug\\net5.0\\fine-code-coverage\\build-output\\Airports-Project-Final-Tests.dll","CodeFilePath":null,"LineNumber":0,"Properties":[]},"Attachments":[],"Outcome":1,"ErrorMessage":null,"ErrorStackTrace":null,"DisplayName":"GetAll_Airports_Works","Messages":[],"ComputerName":"DTODOROV-DUAL","Duration":"00:00:00.0002470","StartTime":"2022-06-10T08:11:49.9871555+00:00","EndTime":"2022-06-10T08:11:49.9874025+00:00","Properties":[]},{"TestCase":{"Id":"20177929-7918-bfa7-5c83-8b1fab8152c9","FullyQualifiedName":"Airports_Project_Final_Tests.Airport_Tests.Getting_Airport_Works","DisplayName":"Getting_Airport_Works","ExecutorUri":"executor://NUnit3TestExecutor","Source":"C:\\Users\\Daniel Todorov\\Documents\\exercises-2021\\Daniel\\Airport-Project\\Airports-Project-Final\\Airports-Project-Final-Tests\\bin\\Debug\\net5.0\\fine-code-coverage\\build-output\\Airports-Project-Final-Tests.dll","CodeFilePath":null,"LineNumber":0,"Properties":[]},"Attachments":[],"Outcome":1,"ErrorMessage":null,"ErrorStackTrace":null,"DisplayName":"Getting_Airport_Works","Messages":[],"ComputerName":"DTODOROV-DUAL","Duration":"00:00:00.0009890","StartTime":"2022-06-10T08:11:49.9874137+00:00","EndTime":"2022-06-10T08:11:49.9884027+00:00","Properties":[]},{"TestCase":{"Id":"f36692dd-12f3-34fc-ca34-8aa81eb9234d","FullyQualifiedName":"Airports_Project_Final_Tests.Airport_Tests.Getting_NonExistingAirport_Throws","DisplayName":"Getting_NonExistingAirport_Throws","ExecutorUri":"executor://NUnit3TestExecutor","Source":"C:\\Users\\Daniel Todorov\\Documents\\exercises-2021\\Daniel\\Airport-Project\\Airports-Project-Final\\Airports-Project-Final-Tests\\bin\\Debug\\net5.0\\fine-code-coverage\\build-output\\Airports-Project-Final-Tests.dll","CodeFilePath":null,"LineNumber":0,"Properties":[]},"Attachments":[],"Outcome":1,"ErrorMessage":null,"ErrorStackTrace":null,"DisplayName":"Getting_NonExistingAirport_Throws","Messages":[],"ComputerName":"DTODOROV-DUAL","Duration":"00:00:00.0006840","StartTime":"2022-06-10T08:11:49.9884162+00:00","EndTime":"2022-06-10T08:11:49.9890995+00:00","Properties":[]}],"TestRunStatistics":{"ExecutedTests":27,"Stats":{"Passed":27}},"ActiveTests":[]},"RunAttachments":[],"ExecutorUris":["executor://nunit3testexecutor/"]}}
TpTrace Verbose: 0 : 15028, 6, 2022/06/10, 11:11:50.024, 6100105927139, vstest.console.dll, TestRequestSender.EndSession: Sending end session.
TpTrace Verbose: 0 : 15028, 6, 2022/06/10, 11:11:50.024, 6100105928246, vstest.console.dll, ProxyOperationManager.Close: waiting for test host to exit for 100 ms
TpTrace Warning: 0 : 15028, 10, 2022/06/10, 11:11:50.038, 6100106071701, vstest.console.dll, TestHostManagerCallbacks.ErrorReceivedCallback Test host standard error line: 
TpTrace Verbose: 0 : 15028, 7, 2022/06/10, 11:11:50.045, 6100106134408, vstest.console.dll, TestHostProvider.ExitCallBack: Host exited starting callback.
TpTrace Information: 0 : 15028, 7, 2022/06/10, 11:11:50.045, 6100106139538, vstest.console.dll, TestHostManagerCallbacks.ExitCallBack: Testhost processId: 13488 exited with exitcode: 0 error: ''
TpTrace Verbose: 0 : 15028, 7, 2022/06/10, 11:11:50.045, 6100106140029, vstest.console.dll, DotnetTestHostManager.OnHostExited: invoking OnHostExited callback
TpTrace Verbose: 0 : 15028, 7, 2022/06/10, 11:11:50.045, 6100106140663, vstest.console.dll, CrossPlatEngine.TestHostManagerHostExited: calling on client process exit callback.
TpTrace Information: 0 : 15028, 7, 2022/06/10, 11:11:50.045, 6100106141232, vstest.console.dll, TestRequestSender.OnClientProcessExit: Test host process exited. Standard error: 
TpTrace Warning: 0 : 15028, 6, 2022/06/10, 11:11:50.045, 6100106141502, vstest.console.dll, ProxyOperationManager: Timed out waiting for test host to exit. Will terminate process.
TpTrace Information: 0 : 15028, 7, 2022/06/10, 11:11:50.045, 6100106141700, vstest.console.dll, SocketServer.Stop: Stop server endPoint: 127.0.0.1:65521
TpTrace Information: 0 : 15028, 7, 2022/06/10, 11:11:50.045, 6100106142785, vstest.console.dll, SocketServer.Stop: Cancellation requested. Stopping message loop.
TpTrace Verbose: 0 : 15028, 6, 2022/06/10, 11:11:50.046, 6100106148990, vstest.console.dll, ProxyDataCollectionManager.InvokeDataCollectionServiceAction: Starting.
TpTrace Information: 0 : 15028, 6, 2022/06/10, 11:11:50.046, 6100106149527, vstest.console.dll, ProxyDataCollectionManager.AfterTestRunEnd: Get attachment set for datacollector processId: 16800 port: 65518
TpTrace Verbose: 0 : 15028, 6, 2022/06/10, 11:11:50.046, 6100106150050, vstest.console.dll, DataCollectionRequestSender.SendAfterTestRunStartAndGetResult : Send AfterTestRunEnd message with isCancelled: False
TpTrace Verbose: 0 : 15028, 6, 2022/06/10, 11:11:50.050, 6100106184223, vstest.console.dll, DataCollectionRequestSender.SendAfterTestRunStartAndGetResult : Received message: (DataCollection.AfterTestRunEndResult) -> {
  "AttachmentSets": [],
  "Metrics": {}
}
TpTrace Information: 0 : 15028, 6, 2022/06/10, 11:11:50.052, 6100106205438, vstest.console.dll, ProxyDataCollectionManager.InvokeDataCollectionServiceAction: Completed.
TpTrace Warning: 0 : 15028, 9, 2022/06/10, 11:11:50.055, 6100106237665, vstest.console.dll, DataCollectionLauncher.ErrorReceivedCallback datacollector standard error line: 
TpTrace Information: 0 : 15028, 7, 2022/06/10, 11:11:50.059, 6100106277043, vstest.console.dll, DataCollectionLauncher.ExitCallBack: Data collector exited with exitcode: 0 error: ''
TpTrace Verbose: 0 : 15028, 6, 2022/06/10, 11:11:50.072, 6100106407065, vstest.console.dll, TestRunRequest:SendTestRunStatsChange: Starting.
TpTrace Information: 0 : 15028, 6, 2022/06/10, 11:11:50.072, 6100106408712, vstest.console.dll, TestRunRequest:SendTestRunStatsChange: Completed.
TpTrace Verbose: 0 : 15028, 6, 2022/06/10, 11:11:50.072, 6100106410156, vstest.console.dll, ParallelProxyExecutionManager: HandlePartialRunComplete: Total completed clients = 1, Run complete = True, Run canceled: False.
TpTrace Verbose: 0 : 15028, 6, 2022/06/10, 11:11:50.093, 6100106622281, vstest.console.dll, TestRunRequest:TestRunComplete: Starting. IsAborted:False IsCanceled:False.
TpTrace Verbose: 0 : 15028, 6, 2022/06/10, 11:11:50.094, 6100106624626, vstest.console.dll, TestLoggerManager.HandleTestRunComplete: Ignoring as the object is disposed.
TpTrace Information: 0 : 15028, 6, 2022/06/10, 11:11:50.094, 6100106627044, vstest.console.dll, TestRunRequest:TestRunComplete: Completed.
TpTrace Verbose: 0 : 15028, 6, 2022/06/10, 11:11:50.094, 6100106627606, vstest.console.dll, TestRequestSender.SetOperationComplete: Setting operation complete.
TpTrace Verbose: 0 : 15028, 1, 2022/06/10, 11:11:50.094, 6100106627639, vstest.console.dll, TestRunRequest.Dispose: Starting.
TpTrace Information: 0 : 15028, 6, 2022/06/10, 11:11:50.094, 6100106628024, vstest.console.dll, SocketServer.Stop: Stop server endPoint: 127.0.0.1:65521
TpTrace Information: 0 : 15028, 6, 2022/06/10, 11:11:50.094, 6100106629096, vstest.console.dll, SocketServer.Stop: Cancellation requested. Stopping message loop.
TpTrace Information: 0 : 15028, 1, 2022/06/10, 11:11:50.094, 6100106628538, vstest.console.dll, TestRunRequest.Dispose: Completed.
TpTrace Information: 0 : 15028, 6, 2022/06/10, 11:11:50.094, 6100106629599, vstest.console.dll, SocketServer.PrivateStop: Stop server endPoint: 127.0.0.1:65521 error: 
TpTrace Information: 0 : 15028, 1, 2022/06/10, 11:11:50.094, 6100106630395, vstest.console.dll, TestRequestManager.RunTests: run tests completed.
TpTrace Information: 0 : 15028, 1, 2022/06/10, 11:11:50.094, 6100106631672, vstest.console.dll, RunTestsArgumentProcessor:Execute: Test run is completed.
TpTrace Verbose: 0 : 15028, 1, 2022/06/10, 11:11:50.094, 6100106633409, vstest.console.dll, Executor.Execute: Exiting with exit code of 0
TpTrace Verbose: 0 : 15028, 6, 2022/06/10, 11:11:50.095, 6100106635394, vstest.console.dll, LengthPrefixCommunicationChannel.Dispose: Dispose reader and writer.
TpTrace Information: 0 : 15028, 6, 2022/06/10, 11:11:50.095, 6100106636379, vstest.console.dll, SocketServer.Stop: Raise disconnected event endPoint: 127.0.0.1:65521 error: 
TpTrace Verbose: 0 : 15028, 6, 2022/06/10, 11:11:50.095, 6100106636967, vstest.console.dll, TestRequestSender: OnTestRunAbort: Operation is already complete. Skip error message.
TpTrace Verbose: 0 : 15028, 6, 2022/06/10, 11:11:50.095, 6100106637325, vstest.console.dll, TcpClientExtensions.MessageLoopAsync: exiting MessageLoopAsync remoteEndPoint: 127.0.0.1:65522 localEndPoint: 127.0.0.1:65521
